IN
    00000000: 12 01 00 02 00 00 00 20 e6 04 16 51 02 02 01 02
    00000010: 00 01
    00000000: 80 06 00 01 00 00 12 02
IN
    00000000: 09 02 5d 00 01 01 03 a0 32 09 04 00 00 03 0b 00
    00000010: 00 04 36 21 10 01 00 07 03 00 00 00 c0 12 00 00
    00000020: 40 1f 00 00 00 67 32 00 00 c0 99 0c 00 00 fc 00
    00000030: 00 00 00 00 00 00 00 00 00 00 ba 01 01 00 07 01
    00000040: 00 00    00000050: 05 84 02 40 00 00 07 05 05 02 40 00 00
    00000000: 80 06 00 02 00 00 09 02
OUT
    00000000: 6b 00 00 00 00 00 00 00 00 00
OUT
IN
IN
    00000000: 83 0d 00 00 00 00 00 01 00 00 02 02 03 03 00 00
    00000010: 00 01IN
IN
    00000000: a0 0f 00 00 c0 12 00 00 70 17 00 00 40 1f 00 00
    00000010: e0 2e 00 00
    00000000: a0 02 00 00 00 00 00 02
IN
IN
    00000000: 00 2a 00 00 01 54 00 00 02 a8 00 00 05 50 01 00
    00000010: 0b a0 02 00 16 40 05 00 2c 80 0a 00 08 f8 01 00
    00000020: 0d 48 03 00 67 32 00 00 ce 64 00 00 9c c9 00 00
    00000030: 39 93 01 00 73 26 03 00 e7 4c 06 00 ce 99 0c 00
    00000040: d6 5c 02 00 10 f0 03 00 00 2a 00 00 01 54 00 00
    00000050: 02 a8 00 00 05 50 01 00 0b a0 02 00 16 40 05 00
    00000060: 2c 80 0a 00 08 f8 01 00 0d 48 03 00 00 2a 00 00
    00000070: 01 54 00 00 02 a8 00 00 05 50 01 00 0b a0 02 00
    00000080: 16 40 05 00 2c 80 0a 00 08 f8 01 00 0d 48 03 00
    00000090: 00 1c 00 00 00 38 00 00 01 70 00 00 03 e0 00 00
    000000a0: 07 c0 01 00 0e 80 03 00 1d 00 07 00 05 50 01 00
    000000b0: 09 30 02 00 00 15 00 00 00 2a 00 00 01 54 00 00
    000000c0: 02 a8 00 00 05 50 01 00 0b a0 02 00 16 40 05 00
    000000d0: 04 fc 00 00 06 a4 01 00 cd 10 00 00 9a 21 00 00
    000000e0: 34 43 00 00 68 86 00 00 d1 0c 01 00 a2 19 02 00
    000000f0: 44 33 04 00 9c c9 00 00 05 50 01 00 9f 24 00 00
    00000100: 3e 49 00 00 7c 92 00 00 f8 24 01 00 f0 49 02 00
    00000110: e0 93 04 00 c0 27 09 00 74 b7 01 00 6    00000120: 84 1e 00 00 09 3d 00 00 12 7a 00 00 24 f4 00 00
    00000130: 48 e8 01 00 90 d0 03 00 20 a1 07 00 36 6e 01 00
    00000140: 5a 62 02 00 84 1e 00 00 09 3d 00 00 12 7a 00 00
    00000150: 24 f4 00 00 48 e8 01 00 90 d0 03 00 20 a1 07 00
    00000160: 36 6e 01 00 5a 62 02 00 58 14 00 00 b0 28 00 00
    00000170: 61 51 00 00 c2 a2 00 00 85 45 01 00 0a 8b 02 00
    00000180: 15 16 05 00 24 f4 00 00 e6 96 01 00 42 0f 00 00
    00000190: 84 1e 00 00 09 3d 00 00 12 7a 00 00 24 f4 00 00
    000001a0: 48 e8 01 00 90 d0 03 00 1b b7 00 00 2d 31 01 00
    00000000: a0 03 00 00 00 00 00 02
OUT
    00000000: 6b 02 00 00 00 00 87 00 00 00 87 00
OUT
IN
IN
    00000000: 83 00 00 00 00 00 87 41 08 00
OUT
    00000000: 6b 02 00 00 00 00 88 00 00 00 88 01
OUT
IN
IN
    00000000: 83 00 00 00 00 00 88 41 08 00
IN
IN
    00000000: 50 03
IN
OUT
    00000000: 65 00 00 00 00 00 65 00 00 00
OUT
IN
IN
    00000000: 81 00 00 00 00 00 65 01 00 01
OUT
    00000000: 6b 01 00 00 00 00 02 00 00 00 02
OUT
IN
IN
    00000000: 83 01 00 00 00 00 02 01 00 00 00
OUT
    00000000: 62 00 00 00 00 00 10 00 00 00
OUT
IN
IN
    00000000: 80 14 00 00 00 00 10 00 00 00 3b 7f 38 00 00 00
    00000010: 6a 44 4e 49 65 10 02 4c 34 01 13 03 90 00
OUT
    00000000: 61 05 00 00 00 00 61 00 00 00 38 00 00 00 00
OUT
IN
IN
    00000000: 82 05 00 00 00 00 61 00 00 00 38 00 00 0a 00
OUT
    00000000: 63 00 00 00 00 00 10 00 00 00
OUT
IN
IN
    00000000: 81 00 00 00 00 00 10 01 00 01
OUT
    00000000: 65 00 00 00 00 00 65 00 00 00
OUT
IN
IN
    00000000: 81 00 00 00 00 00 65 01 00 01
OUT
    00000000: 62 00 00 00 00 00 10 00 00 00
OUT
IN
IN
    00000000: 80 14 00 00 00 00 10 00 00 00 3b 7f 38 00 00 00
    00000010: 6a 44 4e 49 65 10 02 4c 34 01 13 03 90 00
OUT
    00000000: 61 05 00 00 00 00 61 00 00 00 38 00 00 00 00
OUT
IN
IN
    00000000: 82 05 00 00 00 00 61 00 00 00 38 00 00 0a 00
OUT
    00000000: 63 00 00 00 00 00 10 00 00 00
OUT
IN
IN
    00000000: 81 00 00 00 00 00 10 01 00 01
OUT
    00000000: 65 00 00 00 00 00 65 00 00 00
OUT
IN
IN
    00000000: 81 00 00 00 00 00 65 01 00 01
OUT
    00000000: 62 00 00 00 00 00 10 00 00 00
OUT
IN
IN
    00000000: 80 14 00 00 00 00 10 00 00 00 3b 7f 38 00 00 00
    00000010: 6a 44 4e 49 65 10 02 4c 34 01 13 03 90 00
OUT
    00000000: 61 05 00 00 00 00 61 00 00 00 38 00 00 00 00
OUT
IN
IN
    00000000: 82 05 00 00 00 00 61 00 00 00 38 00 00 0a 00
OUT
    00000000: 63 00 00 00 00 00 10 00 00 00
OUT
IN
IN
    00000000: 81 00 00 00 00 00 10 01 00 01
OUT
    00000000: 65 00 00 00 00 00 65 00 00 00
OUT
IN
IN
    00000000: 81 00 00 00 00 00 65 01 00 01
OUT
    00000000: 62 00 00 00 00 00 10 00 00 00
OUT
IN
IN
    00000000: 80 14 00 00 00 00 10 00 00 00 3b 7f 38 00 00 00
    00000010: 6a 44 4e 49 65 10 02 4c 34 01 13 03 90 00
OUT
    00000000: 61 05 00 00 00 00 61 00 00 00 38 00 00 00 00
OUT
IN
IN
    00000000: 82 05 00 00 00 00 61 00 00 00 38 00 00 0a 00
OUT
    00000000: 63 00 00 00 00 00 10 00 00 00
OUT
IN
IN
    00000000: 81 00 00 00 00 00 10 01 00 01
OUT
    00000000: 65 00 00 00 00 00 65 00 00 00
OUT
IN
IN
    00000000: 81 00 00 00 00 00 65 01 00 01
OUT
    00000000: 62 00 00 00 00 00 10 00 00 00
OUT
IN
IN
    00000000: 80 14 00 00 00 00 10 00 00 00 3b 7f 38 00 00 00
    00000010: 6a 44 4e 49 65 10 02 4c 34 01 13 03 90 00
OUT
    00000000: 61 05 00 00 00 00 61 00 00 00 38 00 00 00 00
OUT
IN
IN
    00000000: 82 05 00 00 00 00 61 00 00 00 38 00 00 0a 00
OUT
    00000000: 63 00 00 00 00 00 10 00 00 00
OUT
IN
IN
    00000000: 81 00 00 00 00 00 10 01 00 01
OUT
    00000000: 65 00 00 00 00 00 65 00 00 00
OUT
IN
IN
    00000000: 81 00 00 00 00 00 65 01 00 01
OUT
    00000000: 62 00 00 00 00 00 10 00 00 00
OUT
IN
IN
    00000000: 80 14 00 00 00 00 10 00 00 00 3b 7f 38 00 00 00
    00000010: 6a 44 4e 49 65 10 02 4c 34 01 13 03 90 00
OUT
    00000000: 61 05 00 00 00 00 61 00 00 00 38 00 00 00 00
OUT
IN
IN
    00000000: 82 05 00 00 00 00 61 00 00 00 38 00 00 0a 00
OUT
    00000000: 63 00 00 00 00 00 10 00 00 00
OUT
IN
IN
    00000000: 81 00 00 00 00 00 10 01 00 01
OUT
    00000000: 65 00 00 00 00 00 65 00 00 00
OUT
IN
IN
    00000000: 81 00 00 00 00 00 65 01 00 01
OUT
    00000000: 62 00 00 00 00 00 10 00 00 00
OUT
IN
IN
    00000000: 80 14 00 00 00 00 10 00 00 00 3b 7f 38 00 00 00
    00000010: 6a 44 4e 49 65 10 02 4c 34 01 13 03 90 00
OUT
    00000000: 61 05 00 00 00 00 61 00 00 00 38 00 00 00 00
OUT
IN
IN
    00000000: 82 05 00 00 00 00 61 00 00 00 38 00 00 0a 00
OUT
    00000000: 63 00 00 00 00 00 10 00 00 00
OUT
IN
IN
    00000000: 81 00 00 00 00 00 10 01 00 01
OUT
    00000000: 65 00 00 00 00 00 65 00 00 00
OUT
IN
IN
    00000000: 81 00 00 00 00 00 65 01 00 01
OUT
    00000000: 62 00 00 00 00 00 10 00 00 00
OUT
IN
IN
    00000000: 80 14 00 00 00 00 10 00 00 00 3b 7f 38 00 00 00
    00000010: 6a 44 4e 49 65 10 02 4c 34 01 13 03 90 00
OUT
    00000000: 61 05 00 00 00 00 61 00 00 00 38 00 00 00 00
OUT
IN
IN
    00000000: 82 05 00 00 00 00 61 00 00 00 38 00 00 0a 00
OUT
    00000000: 63 00 00 00 00 00 10 00 00 00
OUT
IN
IN
    00000000: 81 00 00 00 00 00 10 01 00 01
OUT
    00000000: 65 00 00 00 00 00 65 00 00 00
OUT
IN
IN
    00000000: 81 00 00 00 00 00 65 01 00 01
OUT
    00000000: 62 00 00 00 00 00 10 00 00 00
OUT
IN
IN
    00000000: 80 14 00 00 00 00 10 00 00 00 3b 7f 38 00 00 00
    00000010: 6a 44 4e 49 65 10 02 4c 34 01 13 03 90 00
OUT
    00000000: 61 05 00 00 00 00 61 00 00 00 38 00 00 00 00
OUT
IN
IN
    00000000: 82 05 00 00 00 00 61 00 00 00 38 00 00 0a 00
OUT
    00000000: 63 00 00 00 00 00 10 00 00 00
OUT
IN
IN
    00000000: 81 00 00 00 00 00 10 01 00 01
OUT
    00000000: 65 00 00 00 00 00 65 00 00 00
OUT
IN
IN
    00000000: 81 00 00 00 00 00 65 01 00 01
OUT
    00000000: 62 00 00 00 00 00 10 00 00 00
OUT
IN
IN
    00000000: 80 14 00 00 00 00 10 00 00 00 3b 7f 38 00 00 00
    00000010: 6a 44 4e 49 65 10 02 4c 34 01 13 03 90 00
OUT
    00000000: 61 05 00 00 00 00 61 00 00 00 38 00 00 00 00
OUT
IN
IN
    00000000: 82 05 00 00 00 00 61 00 00 00 38 00 00 0a 00
OUT
    00000000: 63 00 00 00 00 00 10 00 00 00
OUT
IN
IN
    00000000: 81 00 00 00 00 00 10 01 00 01
OUT
    00000000: 65 00 00 00 00 00 65 00 00 00
OUT
IN
IN
    00000000: 81 00 00 00 00 00 65 01 00 01
OUT
    00000000: 62 00 00 00 00 00 10 00 00 00
OUT
IN
IN
    00000000: 80 14 00 00 00 00 10 00 00 00 3b 7f 38 00 00 00
    00000010: 6a 44 4e 49 65 10 02 4c 34 01 13 03 90 00
OUT
    00000000: 61 05 00 00 00 00 61 00 00 00 38 00 00 00 00
OUT
IN
IN
    00000000: 82 05 00 00 00 00 61 00 00 00 38 00 00 0a 00
OUT
    00000000: 6f 07 00 00 00 00 6f 00 00 01 00 a4 00 04 02 3f
    00000010: 00
OUT
IN
IN
    00000000: 80 02 00 00 00 00 6f 00 00 00 6a 86
OUT
    00000000: 6f 07 00 00 00 00 6f 00 00 01 a0 a4 00 00 02 3f
    00000010: 00
OUT
IN
IN
    00000000: 80 02 00 00 00 00 6f 00 00 00 6e 00
OUT
    00000000: 63 00 00 00 00 00 10 00 00 00
OUT
IN
IN
    00000000: 81 00 00 00 00 00 10 01 00 01
OUT
    00000000: 65 00 00 00 00 00 65 00 00 00
OUT
IN
IN
    00000000: 81 00 00 00 00 00 65 01 00 01
