This is TeX, C Version 3.0 (INITEX)  24 OCT 1990 17:57
**plain
(plain.tex Preloading the plain format: codes, registers,
\maxdimen=\dimen10
\hideskip=\skip10
\centering=\skip11
\p@=\dimen11
\z@=\dimen12
\z@skip=\skip12
\voidb@x=\box10
 parameters,
\smallskipamount=\skip13
\medskipamount=\skip14
\bigskipamount=\skip15
\normalbaselineskip=\skip16
\normallineskip=\skip17
\normallineskiplimit=\dimen13
\jot=\dimen14
\interdisplaylinepenalty=\count23
\interfootnotelinepenalty=\count24
 fonts,
more fonts,
\itfam=\fam4
\slfam=\fam5
\bffam=\fam6
\ttfam=\fam7
 macros,
\strutbox=\box11
\mscount=\count25
\tabs=\box12
\tabsyet=\box13
\tabsdone=\box14
 math definitions,
\rootbox=\box15
\p@renwd=\dimen15
 output routines,
\headline=\toks10
\footline=\toks11
\footins=\insert254
\topins=\insert253
 hyphenation (hyphen.tex))
*\dump
Beginning to dump on file plain.fmt
 (format=plain 90.10.24)
1960 strings of total length 27621
4831 memory locations dumped; current usage is 110&4718
921 multiletter control sequences
\font\nullfont=nullfont
\font\tenrm=cmr10
\font\preloaded=cmr9
\font\preloaded=cmr8
\font\sevenrm=cmr7
\font\preloaded=cmr6
\font\fiverm=cmr5
\font\teni=cmmi10
\font\preloaded=cmmi9
\font\preloaded=cmmi8
\font\seveni=cmmi7
\font\preloaded=cmmi6
\font\fivei=cmmi5
\font\tensy=cmsy10
\font\preloaded=cmsy9
\font\preloaded=cmsy8
\font\sevensy=cmsy7
\font\preloaded=cmsy6
\font\fivesy=cmsy5
\font\tenex=cmex10
\font\preloaded=cmss10
\font\preloaded=cmssq8
\font\preloaded=cmssi10
\font\preloaded=cmssqi8
\font\tenbf=cmbx10
\font\preloaded=cmbx9
\font\preloaded=cmbx8
\font\sevenbf=cmbx7
\font\preloaded=cmbx6
\font\fivebf=cmbx5
\font\tentt=cmtt10
\font\preloaded=cmtt9
\font\preloaded=cmtt8
\font\preloaded=cmsltt10
\font\tensl=cmsl10
\font\preloaded=cmsl9
\font\preloaded=cmsl8
\font\tenit=cmti10
\font\preloaded=cmti9
\font\preloaded=cmti8
\font\preloaded=cmti7
\font\preloaded=cmu10
\font\preloaded=cmmib10
\font\preloaded=cmbsy10
\font\preloaded=cmcsc10
\font\preloaded=cmssbx10
\font\preloaded=cmdunh10
\font\preloaded=cmr7 at 14.51799pt
\font\preloaded=cmtt10 at 14.4pt
\font\preloaded=cmssbx10 at 14.4pt
\font\preloaded=manfnt
14787 words of font info for 50 preloaded fonts
14 hyphenation exceptions
Hyphenation trie of length 6075 has 181 ops out of 500
  181 for language 0
No pages of output.
