/* mode 0x40 (text mode) */
	/* general */
	0x6f, 0x00, 
	/* sequence */
	0x03, 0x01, 0x03, 0x00, 0x02, 
	/* crt */
	0x7c, 0x63, 0x64, 0x1f, 0x6b, 0x9a, 0xc0, 0x1f, 
	0x00, 0x0c, 0x0b, 0x0c, 0x00, 0x00, 0x00, 0x64, 
	0x00, 0x00, 0x85, 0x32, 0x1f, 0x8c, 0xba, 0xa3, 
	0xff, 
	/* graphics */
	0x00, 0x00, 0x00, 0x00, 0x00, 0x10, 0x0e, 0x00, 
	0xff, 
	/* attribute */
	0x00, 0x01, 0x02, 0x03, 0x04, 0x05, 0x14, 0x07, 
	0x38, 0x39, 0x3a, 0x3b, 0x3c, 0x3d, 0x3e, 0x3f, 
	0x08, 0x00, 0x0f, 0x00, 0x00, 
	/* special */
	"generic",

/* mode 0x41 (higher res text mode) */
	/* general */
	0x6f, 0x00, 
	/* sequence */
	0x03, 0x01, 0x03, 0x00, 0x02, 
	/* crt */
	0x7c, 0x63, 0x64, 0x1f, 0x6b, 0x9a, 0xc0, 0x1f, 
	0x00, 0x07, 0x06, 0x07, 0x00, 0x00, 0x00, 0x64, 
	0x00, 0x8e, 0x8f, 0x32, 0x1f, 0x96, 0xba, 0xa3, 
	0xff, 
	/* graphics */
	0x00, 0x00, 0x00, 0x00, 0x00, 0x10, 0x0e, 0x00, 
	0xff, 
	/* attribute */
	0x00, 0x01, 0x02, 0x03, 0x04, 0x05, 0x14, 0x07, 
	0x38, 0x39, 0x3a, 0x3b, 0x3c, 0x3d, 0x3e, 0x3f, 
	0x08, 0x00, 0x0f, 0x00, 0x00, 
	/* special */
	"generic",

/* mode 0x42 () */
	/* general */
	0xef, 0x00, 
	/* sequence */
	0x03, 0x01, 0x03, 0x00, 0x02, 
	/* crt */
	0x7c, 0x63, 0x64, 0x1f, 0x6b, 0x9a, 0x0b, 0x3e, 
	0x00, 0x47, 0x06, 0x07, 0x00, 0x00, 0x00, 0x64, 
	0x04, 0x4c, 0xdf, 0x32, 0x00, 0xe7, 0x04, 0xa3, 
	0xff, 
	/* graphics */
	0x00, 0x00, 0x00, 0x00, 0x00, 0x10, 0x0e, 0x00, 
	0xff, 
	/* attribute */
	0x00, 0x01, 0x02, 0x03, 0x04, 0x05, 0x14, 0x07, 
	0x38, 0x39, 0x3a, 0x3b, 0x3c, 0x3d, 0x3e, 0x3f, 
	0x08, 0x00, 0x0f, 0x00, 0x00, 
	/* special */
	"generic",

/* mode 0x50 (noticable flicker.  text mode) */
	/* general */
	0x6f, 0x00, 
	/* sequence */
	0x03, 0x01, 0x03, 0x00, 0x02, 
	/* crt */
	0x9c, 0x83, 0x84, 0x9f, 0x8d, 0x1c, 0xa3, 0x1f, 
	0x00, 0x0c, 0x0b, 0x0c, 0x00, 0x00, 0x00, 0x84, 
	0x90, 0xa2, 0x85, 0x42, 0x1f, 0x89, 0xa0, 0xa3, 
	0xff, 
	/* graphics */
	0x00, 0x00, 0x00, 0x00, 0x00, 0x10, 0x0e, 0x00, 
	0xff, 
	/* attribute */
	0x00, 0x01, 0x02, 0x03, 0x04, 0x05, 0x14, 0x07, 
	0x38, 0x39, 0x3a, 0x3b, 0x3c, 0x3d, 0x3e, 0x3f, 
	0x08, 0x00, 0x0f, 0x00, 0x00, 
	/* special */
	"generic",

/* mode 0x51 (also text mode) */
	/* general */
	0x6f, 0x00, 
	/* sequence */
	0x03, 0x01, 0x03, 0x00, 0x02, 
	/* crt */
	0x9c, 0x83, 0x84, 0x9f, 0x8d, 0x1c, 0xa3, 0x1f, 
	0x00, 0x07, 0x06, 0x07, 0x00, 0x00, 0x00, 0x84, 
	0x94, 0xa6, 0x8f, 0x42, 0x1f, 0x93, 0xa0, 0xa3, 
	0xff, 
	/* graphics */
	0x00, 0x00, 0x00, 0x00, 0x00, 0x10, 0x0e, 0x00, 
	0xff, 
	/* attribute */
	0x00, 0x01, 0x02, 0x03, 0x04, 0x05, 0x14, 0x07, 
	0x38, 0x39, 0x3a, 0x3b, 0x3c, 0x3d, 0x3e, 0x3f, 
	0x08, 0x00, 0x0f, 0x00, 0x00, 
	/* special */
	"generic",

/* mode 0x52 (text) */
	/* general */
	0xef, 0x00, 
	/* sequence */
	0x03, 0x01, 0x03, 0x00, 0x02, 
	/* crt */
	0x96, 0x83, 0x83, 0x80, 0x8a, 0x19, 0xec, 0x1f, 
	0x00, 0x47, 0x06, 0x07, 0x00, 0x00, 0x00, 0x84, 
	0xe0, 0xa2, 0xdf, 0x42, 0x00, 0xe0, 0xec, 0xa3, 
	0xff, 
	/* graphics */
	0x00, 0x00, 0x00, 0x00, 0x00, 0x10, 0x0e, 0x00, 
	0xff, 
	/* attribute */
	0x00, 0x01, 0x02, 0x03, 0x04, 0x05, 0x14, 0x07, 
	0x38, 0x39, 0x3a, 0x3b, 0x3c, 0x3d, 0x3e, 0x3f, 
	0x08, 0x00, 0x0f, 0x00, 0x00, 
	/* special */
	"generic",

/* mode 0x53 (text) */
	/* general */
	0xe7, 0x00, 
	/* sequence */
	0x03, 0x01, 0x03, 0x00, 0x02, 
	/* crt */
	0x6a, 0x4f, 0x50, 0x8d, 0x5a, 0x89, 0x12, 0x3e, 
	0x00, 0x47, 0x06, 0x07, 0x00, 0x00, 0x00, 0x50, 
	0xf2, 0xa4, 0xdf, 0x28, 0x1f, 0xe6, 0x0c, 0xa3, 
	0xff, 
	/* graphics */
	0x00, 0x00, 0x00, 0x00, 0x00, 0x10, 0x0e, 0x00, 
	0xff, 
	/* attribute */
	0x00, 0x01, 0x02, 0x03, 0x04, 0x05, 0x14, 0x07, 
	0x38, 0x39, 0x3a, 0x3b, 0x3c, 0x3d, 0x3e, 0x3f, 
	0x0c, 0x00, 0x0f, 0x08, 0x00, 
	/* special */
	"generic",


/* mode 0x70 (low density, unknown bit format) */
	/* general */
	0xe7, 0x00, 
	/* sequence */
	0x03, 0x01, 0x0f, 0x00, 0x06, 
	/* crt */
	0x6b, 0x59, 0x5a, 0x8e, 0x5e, 0x8a, 0x0d, 0x3e, 
	0x00, 0x40, 0x00, 0x00, 0x00, 0x00, 0x00, 0x00, 
	0xea, 0xac, 0xdf, 0x2d, 0x00, 0xe7, 0x06, 0xe3, 
	0xff, 
	/* graphics */
	0x00, 0x00, 0x00, 0x00, 0x00, 0x40, 0x05, 0x0f, 
	0xff, 
	/* attribute */
	0x00, 0x01, 0x02, 0x03, 0x04, 0x05, 0x06, 0x07, 
	0x08, 0x09, 0x0a, 0x0b, 0x0c, 0x0d, 0x0e, 0x0f, 
	0x41, 0x00, 0x0f, 0x00, 0x00, 
	/* special */
	"generic",

/* mode 0x88 (640x480x1 good scan rate) */
	/* general */
	0x63, 0x00, 
	/* sequence */
	0x03, 0x01, 0x0f, 0x00, 0x06, 
	/* crt */
	0x5f, 0x4f, 0x50, 0x82, 0x55, 0x81, 0xbf, 0x1f, 
	0x00, 0x40, 0x00, 0x00, 0x00, 0x00, 0x00, 0x00, 
	0x9c, 0x8e, 0x8f, 0x28, 0x1f, 0x96, 0xb9, 0xe3, 
	0xff, 
	/* graphics */
	0x00, 0x00, 0x00, 0x00, 0x00, 0x00, 0x05, 0x0f, 
	0xff, 
	/* attribute */
	0x00, 0x01, 0x02, 0x03, 0x04, 0x05, 0x14, 0x07, 
	0x38, 0x39, 0x3a, 0x3b, 0x3c, 0x3d, 0x3e, 0x3f, 
	0x01, 0x00, 0x0f, 0x00, 0x00, 
	/* special */
	"generic",


/* mode 0x8e (640x480x1) */
	/* general */
	0x63, 0x00, 
	/* sequence */
	0x03, 0x01, 0x0f, 0x00, 0x06, 
	/* crt */
	0x5f, 0x4f, 0x50, 0x82, 0x54, 0x80, 0xbf, 0x1f, 
	0x00, 0xc0, 0x00, 0x00, 0x00, 0x00, 0x00, 0x00, 
	0x9c, 0x8e, 0x8f, 0x28, 0x00, 0x96, 0xb9, 0xe3, 
	0xff, 
	/* graphics */
	0x00, 0x00, 0x00, 0x00, 0x00, 0x00, 0x05, 0x0f, 
	0xff, 
	/* attribute */
	0x00, 0x01, 0x02, 0x03, 0x04, 0x05, 0x06, 0x07, 
	0x10, 0x11, 0x12, 0x13, 0x14, 0x15, 0x16, 0x17, 
	0x01, 0x00, 0x0f, 0x00, 0x00, 
	/* special */
	"generic",

/* mode 0x8f ( blank screen) */
	/* general */
	0xa2, 0x00, 
	/* sequence */
	0x03, 0x01, 0x0f, 0x00, 0x06, 
	/* crt */
	0xff, 0xff, 0xff, 0xff, 0xff, 0xff, 0xff, 0xff, 
	0xff, 0xff, 0xff, 0xff, 0xff, 0xff, 0xff, 0xff, 
	0xff, 0xff, 0xff, 0xff, 0xff, 0xff, 0xff, 0xff, 
	0xff, 
	/* graphics */
	0x00, 0x00, 0x00, 0x00, 0x00, 0x00, 0x05, 0x05, 
	0xff, 
	/* attribute */
	0x00, 0x21, 0x00, 0x23, 0x18, 0x25, 0x00, 0x27, 
	0x00, 0x29, 0x00, 0x2b, 0x00, 0x2d, 0x00, 0x2f, 
	0x0b, 0x21, 0x05, 0x33, 0x00, 
	/* special */
	"generic",

/* mode 0x90 (640x480x1) */
	/* general */
	0xa3, 0x00, 
	/* sequence */
	0x03, 0x01, 0x0f, 0x00, 0x06, 
	/* crt */
	0x5f, 0x4f, 0x50, 0x82, 0x54, 0x80, 0xbf, 0x1f, 
	0x00, 0x40, 0x00, 0x00, 0x00, 0x00, 0x00, 0x00, 
	0x83, 0x85, 0x5d, 0x28, 0x0f, 0x63, 0xba, 0xe3, 
	0xff, 
	/* graphics */
	0x00, 0x00, 0x00, 0x00, 0x00, 0x00, 0x05, 0x0f, 
	0xff, 
	/* attribute */
	0x00, 0x01, 0x02, 0x03, 0x04, 0x05, 0x14, 0x07, 
	0x38, 0x39, 0x3a, 0x3b, 0x3c, 0x3d, 0x3e, 0x3f, 
	0x01, 0x00, 0x0f, 0x00, 0x00, 
	/* special */
	"generic",

/* mode 0x91 (640x480x1) */
	/* general */
	0xe3, 0x00, 
	/* sequence */
	0x03, 0x01, 0x0f, 0x00, 0x06, 
	/* crt */
	0x5f, 0x4f, 0x50, 0x82, 0x54, 0x80, 0x0b, 0x3e, 
	0x00, 0x40, 0x00, 0x00, 0x00, 0x00, 0x00, 0x00, 
	0xea, 0x8c, 0xdf, 0x28, 0x00, 0xe7, 0x04, 0xc3, 
	0xff, 
	/* graphics */
	0x00, 0x00, 0x00, 0x00, 0x00, 0x00, 0x05, 0x01, 
	0xff, 
	/* attribute */
	0x00, 0x3f, 0x3f, 0x3f, 0x3f, 0x3f, 0x3f, 0x3f, 
	0x3f, 0x3f, 0x3f, 0x3f, 0x3f, 0x3f, 0x3f, 0x3f, 
	0x01, 0x00, 0x0f, 0x00, 0x00, 
	/* special */
	"generic",

/* mode 0x92 () */
	/* general */
	0xe3, 0x00, 
	/* sequence */
	0x03, 0x01, 0x0f, 0x00, 0x06, 
	/* crt */
	0x5f, 0x4f, 0x50, 0x82, 0x54, 0x80, 0x0b, 0x3e, 
	0x00, 0x40, 0x00, 0x00, 0x00, 0x00, 0x00, 0x00, 
	0xea, 0x8c, 0xdf, 0x28, 0x00, 0xe7, 0x04, 0xe3, 
	0xff, 
	/* graphics */
	0x00, 0x00, 0x00, 0x00, 0x00, 0x00, 0x05, 0x0f, 
	0xff, 
	/* attribute */
	0x00, 0x01, 0x02, 0x03, 0x04, 0x05, 0x14, 0x07, 
	0x38, 0x39, 0x3a, 0x3b, 0x3c, 0x3d, 0x3e, 0x3f, 
	0x01, 0x00, 0x0f, 0x00, 0x00, 
	/* special */
	"generic",


