x T Latin1
x res 720 1 1
x init
V0
p1
x font 1 R
x font 2 I
x font 3 B
x font 4 BI
x font 5 CW
x font 6 H
x font 7 HI
x font 8 HB
x font 9 S1
x font 10 S
s10
f1
H720
V1812
Dl 0 -1692 .
n120 0
H720
Dl 2325 0 .
n120 0
H720
h2325Dl 0 1692 .
n120 0
H720
h2325Dl -2325 0 .
n120 0
H720
V120
Dl 281 6 .
n120 0
H720
h281Dl 263 20 .
n120 0
H720
h545Dl 245 33 .
n120 0
H720
h790Dl 226 46 .
n120 0
H720
h1017Dl 208 59 .
n120 0
H720
h1226Dl 190 72 .
n120 0
H720
V357
h1416Dl 172 85 .
n120 0
H720
V444
h1589Dl 154 99 .
n120 0
H720
h1743Dl 68 52 .
n120 0
H720
h1812Dl 59 52 .
n120 0
H720
V648
h1871Dl 49 52 .
n120 0
H720
V701
h1921Dl 41 52 .
n120 0
H720
V754
h1962Dl 31 52 .
n120 0
H720
V807
h1993Dl 23 52 .
n120 0
H720
V860
h2016Dl 13 52 .
n120 0
H720
V913
h2030Dl 4 52 .
n120 0
H720
V966
h2034Dl -4 52 .
n120 0
H720
h2030Dl -13 52 .
n120 0
H720
V1071
h2016Dl -23 52 .
n120 0
H720
V1124
h1993Dl -31 52 .
n120 0
H720
V1177
h1962Dl -41 52 .
n120 0
H720
V1230
h1921Dl -49 52 .
n120 0
H720
V1283
h1871Dl -59 52 .
n120 0
H720
V1336
h1812Dl -68 52 .
n120 0
H720
h1743Dl -154 99 .
n120 0
H720
V1488
h1589Dl -172 85 .
n120 0
H720
V1574
h1416Dl -190 72 .
n120 0
H720
V1647
h1226Dl -208 59 .
n120 0
H720
h1017Dl -226 46 .
n120 0
H720
h790Dl -245 33 .
n120 0
H720
h545Dl -263 20 .
n120 0
H720
h281Dl -281 6 .
n120 0
H720
V120
h2325Dl -281 6 .
n120 0
H720
h2044Dl -263 20 .
n120 0
H720
h1780Dl -245 33 .
n120 0
H720
h1535Dl -226 46 .
n120 0
H720
h1308Dl -208 59 .
n120 0
H720
h1099Dl -190 72 .
n120 0
H720
V357
h908Dl -172 85 .
n120 0
H720
V444
h735Dl -154 99 .
n120 0
H720
h581Dl -68 52 .
n120 0
H720
h513Dl -59 52 .
n120 0
H720
V648
h454Dl -49 52 .
n120 0
H720
V701
h403Dl -41 52 .
n120 0
H720
V754
h363Dl -31 52 .
n120 0
H720
V807
h331Dl -23 52 .
n120 0
H720
V860
h308Dl -13 52 .
n120 0
H720
V913
h295Dl -4 52 .
n120 0
H720
V966
h290Dl 4 52 .
n120 0
H720
h295Dl 13 52 .
n120 0
H720
V1071
h308Dl 23 52 .
n120 0
H720
V1124
h331Dl 31 52 .
n120 0
H720
V1177
h363Dl 41 52 .
n120 0
H720
V1230
h403Dl 49 52 .
n120 0
H720
V1283
h454Dl 59 52 .
n120 0
H720
V1336
h513Dl 68 52 .
n120 0
H720
h581Dl 154 99 .
n120 0
H720
V1488
h735Dl 172 85 .
n120 0
H720
V1574
h908Dl 190 72 .
n120 0
H720
V1647
h1099Dl 208 59 .
n120 0
H720
h1308Dl 226 46 .
n120 0
H720
h1535Dl 245 33 .
n120 0
H720
h1780Dl 263 20 .
n120 0
H720
h2044Dl 281 6 .
n120 0
H720
V120
h2325Dl -9 205 .
n120 0
H720
h2316Dl -27 191 .
n120 0
H720
h2289Dl -45 178 .
n120 0
H720
V695
h2243Dl -29 84 .
n120 0
H720
h2214Dl -33 80 .
n120 0
H720
V860
h2180Dl -38 77 .
n120 0
H720
h2141Dl -43 74 .
n120 0
H720
V1012
h2098Dl -47 71 .
n120 0
H720
h2050Dl -52 67 .
n120 0
H720
V1151
h1998Dl -56 64 .
n120 0
H720
h1941Dl -61 61 .
n120 0
H720
h1880Dl -65 57 .
n120 0
H720
V1334
h1814Dl -70 54 .
n120 0
H720
h1743Dl -72 49 .
n120 0
H720
V1438
h1671Dl -72 43 .
n120 0
H720
h1599Dl -72 36 .
n120 0
H720
h1526Dl -72 29 .
n120 0
H720
V1547
h1453Dl -72 23 .
n120 0
H720
h1380Dl -72 16 .
n120 0
H720
V1587
h1308Dl -72 10 .
n120 0
H720
h1235Dl -72 3 .
n120 0
H720
h1162Dl -72 -3 .
n120 0
H720
h1090Dl -72 -10 .
n120 0
H720
h1017Dl -72 -16 .
n120 0
H720
V1570
h944Dl -72 -23 .
n120 0
H720
h871Dl -72 -29 .
n120 0
H720
V1517
h799Dl -72 -36 .
n120 0
H720
h726Dl -72 -43 .
n120 0
H720
h653Dl -72 -49 .
n120 0
H720
V1388
h581Dl -70 -54 .
n120 0
H720
h511Dl -65 -57 .
n120 0
H720
V1276
h444Dl -61 -61 .
n120 0
H720
h383Dl -56 -64 .
n120 0
H720
h326Dl -52 -67 .
n120 0
H720
V1083
h275Dl -47 -71 .
n120 0
H720
h226Dl -43 -74 .
n120 0
H720
V937
h183Dl -38 -77 .
n120 0
H720
h145Dl -33 -80 .
n120 0
H720
V779
h111Dl -29 -84 .
n120 0
H720
h82Dl -45 -178 .
n120 0
H720
V516
h36Dl -27 -191 .
n120 0
H720
h9Dl -9 -205 .
n120 0
H720
V1812
h2325Dl -9 -205 .
n120 0
H720
V1606
h2316Dl -27 -191 .
n120 0
H720
h2289Dl -45 -178 .
n120 0
H720
V1236
h2243Dl -29 -84 .
n120 0
H720
h2214Dl -33 -80 .
n120 0
H720
V1071
h2180Dl -38 -77 .
n120 0
H720
h2141Dl -43 -74 .
n120 0
H720
V919
h2098Dl -47 -71 .
n120 0
H720
h2050Dl -52 -67 .
n120 0
H720
V780
h1998Dl -56 -64 .
n120 0
H720
h1941Dl -61 -61 .
n120 0
H720
h1880Dl -65 -57 .
n120 0
H720
V597
h1814Dl -70 -54 .
n120 0
H720
h1743Dl -72 -49 .
n120 0
H720
V493
h1671Dl -72 -43 .
n120 0
H720
h1599Dl -72 -36 .
n120 0
H720
V413
h1526Dl -72 -29 .
n120 0
H720
h1453Dl -72 -23 .
n120 0
H720
h1380Dl -72 -16 .
n120 0
H720
V344
h1308Dl -72 -10 .
n120 0
H720
h1235Dl -72 -3 .
n120 0
H720
h1162Dl -72 3 .
n120 0
H720
h1090Dl -72 10 .
n120 0
H720
h1017Dl -72 16 .
n120 0
H720
V361
h944Dl -72 23 .
n120 0
H720
h871Dl -72 29 .
n120 0
H720
h799Dl -72 36 .
n120 0
H720
V450
h726Dl -72 43 .
n120 0
H720
h653Dl -72 49 .
n120 0
H720
V543
h581Dl -70 54 .
n120 0
H720
h511Dl -65 57 .
n120 0
H720
V655
h444Dl -61 61 .
n120 0
H720
h383Dl -56 64 .
n120 0
H720
h326Dl -52 67 .
n120 0
H720
V848
h275Dl -47 71 .
n120 0
H720
h226Dl -43 74 .
n120 0
H720
V994
h183Dl -38 77 .
n120 0
H720
h145Dl -33 80 .
n120 0
H720
V1152
h111Dl -29 84 .
n120 0
H720
h82Dl -45 178 .
n120 0
H720
V1415
h36Dl -27 191 .
n120 0
H720
h9Dl -9 205 .
n120 0
x trailer
V7920
x stop
