1196964902 0 a sys/man/8/diskparts - 664 sys sys 1196638946 696
1196964902 1 a sys/man/8/disksim - 664 sys sys 1196638946 1700
1196964902 2 a sys/man/8/drawterm - 664 sys sys 1196638946 1921
1196964902 3 a sys/man/8/fossilcons - 664 sys sys 1196638946 18542
1196964902 4 a sys/man/8/fs - 664 sys sys 1196638946 15086
1196964902 5 a sys/man/8/fsconfig - 664 sys sys 1196638946 8890
1196964902 6 a sys/man/8/fshalt - 664 sys sys 1196638947 862
1196964902 7 a sys/man/8/getflags - 664 sys sys 1196638947 1713
1196964902 8 a sys/man/8/gpsfs - 664 sys sys 1196638947 4918
1196964902 9 a sys/man/8/httpd - 664 sys sys 1196638947 6866
1196964902 10 a sys/man/8/init - 664 sys sys 1196638947 1430
1196964902 11 a sys/man/8/ipconfig - 664 sys sys 1196638947 8187
1196964902 12 a sys/man/8/ipserv - 664 sys sys 1196638947 4411
1196964902 13 a sys/man/8/kfscmd - 664 sys sys 1196638947 4514
1196964902 14 a sys/man/8/listen - 664 sys sys 1196638947 4032
1196964902 15 a sys/man/8/lp - 664 sys sys 1196638947 2491
1196964902 16 a sys/man/8/mk9660 - 664 sys sys 1196638947 3946
1196964902 17 a sys/man/8/mkfs - 664 sys sys 1196638947 3427
1196964902 18 a sys/man/8/mkpaqfs - 664 sys sys 1196638947 890
1196964902 19 a sys/man/8/mksacfs - 664 sys sys 1196638947 710
1196964902 20 a sys/man/8/mouse - 664 sys sys 1196638947 2476
1196964902 21 a sys/man/8/na - 664 sys sys 1196638947 859
1196964902 22 a sys/man/8/ndb - 664 sys sys 1196638947 15205
1196964902 23 a sys/man/8/newuser - 664 sys sys 1196638947 2418
1196964902 24 a sys/man/8/nfsserver - 664 sys sys 1196638947 3576
1196964902 25 a sys/man/8/partfs - 664 sys sys 1196638947 869
1196964902 26 a sys/man/8/pcmcia - 664 sys sys 1196638947 408
1196964902 27 a sys/man/8/pem - 664 sys sys 1196638947 1189
1196964902 28 a sys/man/8/ping - 664 sys sys 1196638947 3650
1196964902 29 a sys/man/8/plan9.ini - 664 sys sys 1196638947 23835
1196964902 30 a sys/man/8/pop3 - 664 sys sys 1196638948 2720
1196964902 31 a sys/man/8/ppp - 664 sys sys 1196638948 4430
1196964902 32 a sys/man/8/prep - 664 sys sys 1196638948 14201
1196964902 33 a sys/man/8/qer - 664 sys sys 1196638948 4909
1196964902 34 a sys/man/8/reboot - 664 sys sys 1196638948 443
1196964902 35 a sys/man/8/replica - 664 sys sys 1196638948 6383
1196964902 36 a sys/man/8/rsa - 664 sys sys 1196638948 4628
1196964902 37 a sys/man/8/scanmail - 664 sys sys 1196638948 10803
1196964902 38 a sys/man/8/scuzz - 664 sys sys 1196638948 8701
1196964902 39 a sys/man/8/secstore - 664 sys sys 1196638948 1954
1196964902 40 a sys/man/8/securenet - 664 sys sys 1196638948 3160
1196964902 41 a sys/man/8/send - 664 sys sys 1196638948 2168
1196964902 42 a sys/man/8/smtp - 664 sys sys 1196638948 5332
1196964902 43 a sys/man/8/snoopy - 664 sys sys 1196638948 4442
1196964902 44 a sys/man/8/stats - 664 sys sys 1196638948 4336
1196964902 45 a sys/man/8/statusbar - 664 sys sys 1196638948 1254
1196964902 46 a sys/man/8/stub - 664 sys sys 1196638948 943
1196964902 47 a sys/man/8/swap - 664 sys sys 1196638948 886
1196964902 48 a sys/man/8/timesync - 664 sys sys 1196638948 1717
1196964902 49 a sys/man/8/tlssrv - 664 sys sys 1196638948 2589
1196964902 50 a sys/man/8/trampoline - 664 sys sys 1196638948 1199
1196964902 51 a sys/man/8/udpecho - 664 sys sys 1196638948 303
1196964902 52 a sys/man/8/update - 664 sys sys 1196638948 2336
1196964902 53 a sys/man/8/venti - 664 sys sys 1196638948 12190
1196964902 54 a sys/man/8/venti-backup - 664 sys sys 1196638948 2102
1196964902 55 a sys/man/8/venti-fmt - 664 sys sys 1196638948 8626
1196964902 56 a sys/man/8/vga - 664 sys sys 1196638948 4129
1196964902 57 a sys/man/fonts - 664 sys sys 1196638948 218
1196964902 58 a sys/man/index.html - 664 sys sys 1196638948 1859
1196964902 59 a sys/man/mkfile - 664 sys sys 1196638948 2264
1196964902 60 a sys/man/preface.html - 664 sys sys 1196638948 3442
1196964902 61 a sys/man/preface3.html - 664 sys sys 1196638948 2561
1196964902 62 a sys/man/preface4.html - 664 sys sys 1196638948 2640
1196964902 63 a sys/man/searchindex - 664 sys sys 1196638949 482603
1196964902 64 a sys/man/vol1.pdf - 664 sys sys 1196638951 2348997
1196964902 65 a sys/man/vol1.ps - 664 sys sys 1196638957 8170134
1196964902 66 a sys/man/vol1.ps.gz - 664 sys sys 1196638958 2174519
1196964902 67 a sys/src - 20000000775 sys sys 1196635552 0
1196964902 68 a sys/src/mkfile - 664 glenda sys 1196366544 1026
1196964902 69 a sys/src/mkfile.proto - 664 glenda sys 1105121349 265
1196964902 70 a tmp - 20000000555 sys sys 1020896384 0
1196964902 71 a dist - 20000000775 sys sys 1196638552 0
1196964902 72 a dist/replica - 20000000775 sys sys 1196964912 0
1196964902 73 a dist/replica/kfs - 664 sys sys 1196638557 237
1196964902 74 a dist/replica/cd - 664 sys sys 1196638557 922
1196964902 75 a dist/replica/network - 775 sys sys 1196638557 1075
1196964902 76 a dist/replica/plan9.proto - 664 sys sys 1196638558 2871
1196966314 0 a dist/replica/binary - 775 sys sys 1196963993 1122
1196966314 1 a dist/replica/plan9binary.proto - 664 sys sys 1196966293 2930
