GDEVABUF
GDEVMEM
GDEVM1
GDEVM2
GDEVM4
GDEVM8
GDEVM16
GDEVM24
GDEVM32
GDEVMPLA
GP_NOFB
GP_VMS
GSBITOPS
GSCHAR
GSCHAR0
GSCIE
GSCOLOR
GSCOLOR1
GSCOLOR2
GSCOORD
GSCSEPR
GSDEVICE
GSDPARAM
GSDPS1
GSFONT
GSFONT0
GSHSB
GSHT
GSHT1
GSHTSCR
GSIMAGE
GSIMAGE1
GSIMAGE2
GSIMAGE3
GSIMPATH
GSIODEV
GSISCALE
GSLINE
GSMATRIX
GSMEMORY
GSMISC
GSPAINT
GSPATH
GSPATH2
GSPCOLOR
GSSTATE
GSTYPE1
GSUTIL
GSWPPM
GXACPATH
GXCCACHE
GXCCMAN
GXCHT
GXCLIP2
GXCLIST
GXCLREAD
GXCMAP
GXCPATH
GXDCCONV
GXDITHER
GXDRAW
GXFILL
GXHINT1
GXHINT2
GXHINT3
GXHT
GXPATH
GXPATH2
GXPCMAP
GXPCOPY
GXSTROKE
IALLOC
IBNUM
ICCFONT
IDEBUG
IDICT
IDPARAM
IGC
IGCREF
IGCSTR
IINIT
INAME
INTERP
IPARAM
ISAVE
ISCAN
ISCANBIN
ISCANNUM
ISCANTAB
ISTACK
IUTIL
IUTIL2
SBCP
SBHC
SBITS
SBWBS
SCFD
SCFDTAB
SCFE
SCFETAB
SCFTAB
SDCTC
SDCTD
SDCTE
SEEXEC
SFILE
SFILTER1
SFILTER2
SHC
SHCGEN
SJPEGC
SJPEGD
SJPEGE
SJPEGERR
SLZWD
SLZWE
SPDIFF
SSTRING
STREAM
ZARITH
ZARRAY
ZBSEQ
ZCHAR
ZCHAR1
ZCHAR2
ZCIE
ZCOLOR
ZCOLOR1
ZCOLOR2
ZCONTROL
ZCSINDEX
ZCSSEPR
ZDEVICE
ZDEVICE2
ZDICT
ZDPS1
ZFDCTC
ZFDCTD
ZFDCTE
ZFDECODE
ZFILE
ZFILEIO
ZFILTER
ZFILTER2
ZFNAME
ZFONT
ZFONT0
ZFONT1
ZFONT2
ZFPDIFF
ZFPROC
ZGENERIC
ZGSTATE
ZHSB
ZHT
ZHT1
ZHT2
ZIMAGE2
ZIODEV
ZIODEV2
ZMATH
ZMATRIX
ZMISC
ZMISC1
ZMISC2
ZPACKED
ZPAINT
ZPATH
ZPATH2
ZPCOLOR
ZRELBIT
ZSTACK
ZSTRING
ZSYSVM
ZTOKEN
ZTYPE
ZUPATH
ZVMEM
ZVMEM2
[.JPEG-5]JCAPI
[.JPEG-5]JCCOEFCT
[.JPEG-5]JCCOLOR
[.JPEG-5]JCDCTMGR
[.JPEG-5]JCHUFF
[.JPEG-5]JCMAINCT
[.JPEG-5]JCMARKER
[.JPEG-5]JCMASTER
[.JPEG-5]JCOMAPI
[.JPEG-5]JCPARAM
[.JPEG-5]JCPREPCT
[.JPEG-5]JCSAMPLE
[.JPEG-5]JDAPI
[.JPEG-5]JDCOEFCT
[.JPEG-5]JDCOLOR
[.JPEG-5]JDDCTMGR
[.JPEG-5]JDHUFF
[.JPEG-5]JDMAINCT
[.JPEG-5]JDMARKER
[.JPEG-5]JDMASTER
[.JPEG-5]JDPOSTCT
[.JPEG-5]JDSAMPLE
[.JPEG-5]JFDCTINT
[.JPEG-5]JIDCTINT
[.JPEG-5]JMEMMGR
[.JPEG-5]JUTILS
