This is DVItype, C Version 3.2
Options selected:
  Starting page = * 
  Maximum number of pages = 1000000
  Output level = 4 (the works)
  Resolution = 300.00000000 pixels per inch
numerator/denominator=25400000/473628672
magnification=1000;      0.00006334 pixels per DVI unit
' TeX output 1990.04.18:1755'
Postamble starts at byte 564.
maxv=43725786, maxh=30785863, maxstackdepth=3, totalpages=1
Font 33: cmsl10---loaded at size 655360 DVI units 
Font 23: cmbx10---loaded at size 655360 DVI units 
Font 0: cmr10---loaded at size 655360 DVI units 
 
42: beginning of page 1 
87: push 
level 0:(h=0,v=0,w=0,x=0,y=0,z=0,hh=0,vv=0) 
88: down3 -917504 v:=0-917504=-917504, vv:=-58 
92: pop 
level 0:(h=0,v=0,w=0,x=0,y=0,z=0,hh=0,vv=0) 
93: down4 42152922 v:=0+42152922=42152922, vv:=2670 
98: push 
level 0:(h=0,v=42152922,w=0,x=0,y=0,z=0,hh=0,vv=2670) 
99: down4 -41497562 v:=42152922-41497562=655360, vv:=42 
104: putrule height 26214, width 30785863 (2x1950 pixels) 
113: down3 5185936 v:=655360+5185936=5841296, vv:=370 
117: push 
level 1:(h=0,v=5841296,w=0,x=0,y=0,z=0,hh=0,vv=370) 
118: right4 12265425 h:=0+12265425=12265425, hh:=777 
[ ]
123: fntdef1 23: cmbx10 
145: fntnum23 current font is cmbx10 
146: setchar65 h:=12265425+569796=12835221, hh:=813 
147: w3 251220 h:=12835221+251220=13086441, hh:=829 
151: setchar83 h:=13086441+418700=13505141, hh:=856 
152: setchar72 h:=13505141+589821=14094962, hh:=893 
153: setchar79 h:=14094962+566155=14661117, hh:=929 
154: setchar82 h:=14661117+565245=15226362, hh:=965 
155: x3 -62805 h:=15226362-62805=15163557, hh:=961 
159: setchar84 h:=15163557+524285=15687842, hh:=994 
160: w0 251220 h:=15687842+251220=15939062, hh:=1010 
161: setchar83 h:=15939062+418700=16357762, hh:=1037 
162: setchar84 h:=16357762+524285=16882047, hh:=1070 
163: setchar79 h:=16882047+566155=17448202, hh:=1106 
164: setchar82 h:=17448202+565245=18013447, hh:=1142 
165: x0 -62805 h:=18013447-62805=17950642, hh:=1138 
166: setchar89 h:=17950642+569796=18520438, hh:=1174 
[A SHORT STORY]
167: pop 
level 1:(h=0,v=5841296,w=0,x=0,y=0,z=0,hh=0,vv=370) 
168: down3 1179648 v:=5841296+1179648=7020944, vv:=445 
172: push 
level 1:(h=0,v=7020944,w=0,x=0,y=0,z=0,hh=0,vv=445) 
173: right4 13334916 h:=0+13334916=13334916, hh:=845 
[ ]
178: fntdef1 33: cmsl10 
200: fntnum33 current font is cmsl10 
201: setchar98 h:=13334916+364090=13699006, hh:=868 
202: right2 -18205 h:=13699006-18205=13680801, hh:=867 
205: setchar121 h:=13680801+345886=14026687, hh:=889 
206: w3 218453 h:=14026687+218453=14245140, hh:=902 
210: setchar65 h:=14245140+491521=14736661, hh:=933 
211: setchar46 h:=14736661+182045=14918706, hh:=945 
212: w0 218453 h:=14918706+218453=15137159, hh:=959 
213: setchar85 h:=15137159+491521=15628680, hh:=990 
214: setchar46 h:=15628680+182045=15810725, hh:=1002 
215: w0 218453 h:=15810725+218453=16029178, hh:=1015 
216: setchar84 h:=16029178+473316=16502494, hh:=1045 
217: setchar104 h:=16502494+364090=16866584, hh:=1068 
218: setchar111 h:=16866584+327681=17194265, hh:=1089 
219: setchar114 h:=17194265+256683=17450948, hh:=1105 
[by A. U. Thor]
220: pop 
level 1:(h=0,v=7020944,w=0,x=0,y=0,z=0,hh=0,vv=445) 
221: down3 1718771 v:=7020944+1718771=8739715, vv:=554 
225: push 
level 1:(h=0,v=8739715,w=0,x=0,y=0,z=0,hh=0,vv=554) 
226: right3 1310720 h:=0+1310720=1310720, hh:=83 
[ ]
230: fntdef1 0: cmr10 
251: fntnum0 current font is cmr10 
252: setchar79 h:=1310720+509726=1820446, hh:=115 
253: setchar110 h:=1820446+364090=2184536, hh:=138 
254: setchar99 h:=2184536+291271=2475807, hh:=156 
255: setchar101 h:=2475807+291271=2767078, hh:=174 
256: w3 218453 h:=2767078+218453=2985531, hh:=189 
260: setchar117 h:=2985531+364090=3349621, hh:=212 
261: setchar112 h:=3349621+364090=3713711, hh:=235 
262: right2 18205 h:=3713711+18205=3731916, hh:=236 
265: setchar111 h:=3731916+327681=4059597, hh:=257 
266: setchar110 h:=4059597+364090=4423687, hh:=280 
267: w0 218453 h:=4423687+218453=4642140, hh:=294 
268: setchar97 h:=4642140+327681=4969821, hh:=315 
269: w0 218453 h:=4969821+218453=5188274, hh:=329 
270: setchar116 h:=5188274+254863=5443137, hh:=345 
271: setchar105 h:=5443137+182045=5625182, hh:=357 
272: setchar109 h:=5625182+546135=6171317, hh:=392 
273: setchar101 h:=6171317+291271=6462588, hh:=410 
274: setchar44 h:=6462588+182045=6644633, hh:=422 
275: w0 218453 h:=6644633+218453=6863086, hh:=435 
276: setchar105 h:=6863086+182045=7045131, hh:=447 
277: setchar110 h:=7045131+364090=7409221, hh:=470 
278: w0 218453 h:=7409221+218453=7627674, hh:=483 
279: setchar97 h:=7627674+327681=7955355, hh:=504 
280: w0 218453 h:=7955355+218453=8173808, hh:=518 
281: setchar100 h:=8173808+364090=8537898, hh:=541 
282: setchar105 h:=8537898+182045=8719943, hh:=553 
283: setchar115 h:=8719943+258503=8978446, hh:=569 
284: setchar116 h:=8978446+254863=9233309, hh:=585 
285: setchar97 h:=9233309+327681=9560990, hh:=606 
286: setchar110 h:=9560990+364090=9925080, hh:=629 
287: x2 -18205 h:=9925080-18205=9906875, hh:=628 
290: setchar116 h:=9906875+254863=10161738, hh:=644 
291: w0 218453 h:=10161738+218453=10380191, hh:=657 
292: setchar103 h:=10380191+327681=10707872, hh:=678 
293: setchar97 h:=10707872+327681=11035553, hh:=699 
294: setchar108 h:=11035553+182045=11217598, hh:=711 
295: setchar97 h:=11217598+327681=11545279, hh:=732 
296: setchar120 h:=11545279+345886=11891165, hh:=754 
297: setchar121 h:=11891165+345886=12237051, hh:=776 
298: w0 218453 h:=12237051+218453=12455504, hh:=789 
299: setchar99 h:=12455504+291271=12746775, hh:=807 
300: setchar97 h:=12746775+327681=13074456, hh:=828 
301: setchar108 h:=13074456+182045=13256501, hh:=840 
302: setchar108 h:=13256501+182045=13438546, hh:=852 
303: setchar101 h:=13438546+291271=13729817, hh:=870 
304: setchar100 h:=13729817+364090=14093907, hh:=893 
[Once upon a time, in a distant galaxy called]
305: push 
level 2:(h=14093907,v=8739715,w=218453,x=-18205,y=0,z=0,hh=893,vv=554) 
306: right3 309476 h:=14093907+309476=14403383, hh:=912 
[ ]
310: down3 -165660 v:=8739715-165660=8574055, vv:=544 
314: setchar127 h:=14403383+327681=14731064, hh:=933 
315: pop 
level 2:(h=14093907,v=8739715,w=218453,x=-18205,y=0,z=0,hh=893,vv=554) 
316: w0 218453 h:=14093907+218453=14312360, hh:=907 
317: setchar79 h:=14312360+509726=14822086, hh:=939 
[ O]
318: setchar127 h:=14822086+327681=15149767, hh:=960 
319: right3 -327681 h:=15149767-327681=14822086, hh:=939 
323: setchar111 h:=14822086+327681=15149767, hh:=960 
[o]
324: setchar24 h:=15149767+291271=15441038, hh:=978 
325: right3 -291271 h:=15441038-291271=15149767, hh:=960 
329: setchar99 h:=15149767+291271=15441038, hh:=978 
330: setchar44 h:=15441038+182045=15623083, hh:=990 
331: w0 218453 h:=15623083+218453=15841536, hh:=1003 
332: setchar116 h:=15841536+254863=16096399, hh:=1019 
333: setchar104 h:=16096399+364090=16460489, hh:=1042 
334: setchar101 h:=16460489+291271=16751760, hh:=1060 
335: setchar114 h:=16751760+256683=17008443, hh:=1076 
336: setchar101 h:=17008443+291271=17299714, hh:=1094 
337: w0 218453 h:=17299714+218453=17518167, hh:=1110 
338: setchar108 h:=17518167+182045=17700212, hh:=1122 
339: setchar105 h:=17700212+182045=17882257, hh:=1134 
340: setchar118 h:=17882257+345886=18228143, hh:=1156 
341: x0 -18205 h:=18228143-18205=18209938, hh:=1155 
342: setchar101 h:=18209938+291271=18501209, hh:=1173 
343: setchar100 h:=18501209+364090=18865299, hh:=1196 
344: w0 218453 h:=18865299+218453=19083752, hh:=1209 
345: setchar97 h:=19083752+327681=19411433, hh:=1230 
346: w0 218453 h:=19411433+218453=19629886, hh:=1243 
347: setchar99 h:=19629886+291271=19921157, hh:=1261 
348: setchar111 h:=19921157+327681=20248838, hh:=1282 
349: setchar109 h:=20248838+546135=20794973, hh:=1317 
350: setchar112 h:=20794973+364090=21159063, hh:=1340 
351: setchar117 h:=21159063+364090=21523153, hh:=1363 
352: setchar116 h:=21523153+254863=21778016, hh:=1379 
353: setchar101 h:=21778016+291271=22069287, hh:=1397 
354: setchar114 h:=22069287+256683=22325970, hh:=1413 
355: w0 218453 h:=22325970+218453=22544423, hh:=1428 
356: setchar110 h:=22544423+364090=22908513, hh:=1451 
357: setchar97 h:=22908513+327681=23236194, hh:=1472 
358: setchar109 h:=23236194+546135=23782329, hh:=1507 
359: setchar101 h:=23782329+291271=24073600, hh:=1525 
360: setchar100 h:=24073600+364090=24437690, hh:=1548 
361: w0 218453 h:=24437690+218453=24656143, hh:=1562 
362: setchar82 h:=24656143+482418=25138561, hh:=1593 
363: setchar46 h:=25138561+182045=25320606, hh:=1605 
364: w0 218453 h:=25320606+218453=25539059, hh:=1618 
365: setchar74 h:=25539059+336783=25875842, hh:=1639 
366: setchar46 h:=25875842+182045=26057887, hh:=1651 
367: w0 218453 h:=26057887+218453=26276340, hh:=1664 
368: setchar68 h:=26276340+500623=26776963, hh:=1696 
369: setchar114 h:=26776963+256683=27033646, hh:=1712 
370: setchar111 h:=27033646+327681=27361327, hh:=1733 
371: setchar102 h:=27361327+200250=27561577, hh:=1746 
372: setchar110 h:=27561577+364090=27925667, hh:=1769 
373: setchar97 h:=27925667+327681=28253348, hh:=1790 
374: setchar116 h:=28253348+254863=28508211, hh:=1806 
375: setchar115 h:=28508211+258503=28766714, hh:=1822 
376: setchar46 h:=28766714+182045=28948759, hh:=1834 
[c, there lived a computer named R. J. Drofnats.]
377: pop 
level 1:(h=0,v=8739715,w=0,x=0,y=0,z=0,hh=0,vv=554) 
378: y3 786432 v:=8739715+786432=9526147, vv:=603 
382: push 
level 1:(h=0,v=9526147,w=0,x=0,y=786432,z=0,hh=0,vv=603) 
383: right3 1310720 h:=0+1310720=1310720, hh:=83 
387: setchar77 h:=1310720+600748=1911468, hh:=121 
388: setchar114 h:=1911468+256683=2168151, hh:=137 
389: setchar46 h:=2168151+182045=2350196, hh:=149 
390: w3 220375 h:=2350196+220375=2570571, hh:=163 
394: setchar68 h:=2570571+500623=3071194, hh:=195 
395: setchar114 h:=3071194+256683=3327877, hh:=211 
396: setchar111 h:=3327877+327681=3655558, hh:=232 
397: setchar102 h:=3655558+200250=3855808, hh:=245 
398: setchar110 h:=3855808+364090=4219898, hh:=268 
399: setchar97 h:=4219898+327681=4547579, hh:=289 
400: setchar116 h:=4547579+254863=4802442, hh:=305 
401: setchar115 h:=4802442+258503=5060945, hh:=321 
402: setchar124 h:=5060945+655361=5716306, hh:=363 
403: setchar111 h:=5716306+327681=6043987, hh:=384 
404: setchar114 h:=6043987+256683=6300670, hh:=400 
405: w0 220375 h:=6300670+220375=6521045, hh:=413 
406: setchar92 h:=6521045+327681=6848726, hh:=434 
407: setchar82 h:=6848726+482418=7331144, hh:=465 
408: setchar46 h:=7331144+182045=7513189, hh:=477 
409: w0 220375 h:=7513189+220375=7733564, hh:=490 
410: setchar74 h:=7733564+336783=8070347, hh:=511 
411: setchar46 h:=8070347+182045=8252392, hh:=523 
412: setchar44 h:=8252392+182045=8434437, hh:=535 
413: setchar34 h:=8434437+327681=8762118, hh:=556 
414: right3 220855 h:=8762118+220855=8982973, hh:=569 
418: setchar97 h:=8982973+327681=9310654, hh:=590 
419: setchar115 h:=9310654+258503=9569157, hh:=606 
420: w0 220375 h:=9569157+220375=9789532, hh:=620 
421: setchar104 h:=9789532+364090=10153622, hh:=643 
422: setchar101 h:=10153622+291271=10444893, hh:=661 
423: w0 220375 h:=10444893+220375=10665268, hh:=676 
424: setchar112 h:=10665268+364090=11029358, hh:=699 
425: setchar114 h:=11029358+256683=11286041, hh:=715 
426: setchar101 h:=11286041+291271=11577312, hh:=733 
427: setchar102 h:=11577312+200250=11777562, hh:=746 
428: setchar101 h:=11777562+291271=12068833, hh:=764 
429: setchar114 h:=12068833+256683=12325516, hh:=780 
430: setchar114 h:=12325516+256683=12582199, hh:=796 
431: setchar101 h:=12582199+291271=12873470, hh:=814 
432: setchar100 h:=12873470+364090=13237560, hh:=837 
433: w0 220375 h:=13237560+220375=13457935, hh:=852 
434: setchar116 h:=13457935+254863=13712798, hh:=868 
435: setchar111 h:=13712798+327681=14040479, hh:=889 
436: w0 220375 h:=14040479+220375=14260854, hh:=903 
437: setchar98 h:=14260854+364090=14624944, hh:=926 
438: right2 18205 h:=14624944+18205=14643149, hh:=927 
441: setchar101 h:=14643149+291271=14934420, hh:=945 
442: w0 220375 h:=14934420+220375=15154795, hh:=960 
443: setchar99 h:=15154795+291271=15446066, hh:=978 
444: setchar97 h:=15446066+327681=15773747, hh:=999 
445: setchar108 h:=15773747+182045=15955792, hh:=1011 
446: setchar108 h:=15955792+182045=16137837, hh:=1023 
447: setchar101 h:=16137837+291271=16429108, hh:=1041 
448: setchar100 h:=16429108+364090=16793198, hh:=1064 
449: setchar124 h:=16793198+655361=17448559, hh:=1106 
450: setchar119 h:=17448559+473316=17921875, hh:=1136 
451: x2 -18205 h:=17921875-18205=17903670, hh:=1135 
454: setchar97 h:=17903670+327681=18231351, hh:=1156 
455: setchar115 h:=18231351+258503=18489854, hh:=1172 
456: w0 220375 h:=18489854+220375=18710229, hh:=1185 
457: setchar104 h:=18710229+364090=19074319, hh:=1208 
458: setchar97 h:=19074319+327681=19402000, hh:=1229 
459: setchar112 h:=19402000+364090=19766090, hh:=1252 
460: setchar112 h:=19766090+364090=20130180, hh:=1275 
461: setchar105 h:=20130180+182045=20312225, hh:=1287 
462: setchar101 h:=20312225+291271=20603496, hh:=1305 
463: setchar115 h:=20603496+258503=20861999, hh:=1321 
464: setchar116 h:=20861999+254863=21116862, hh:=1337 
465: w0 220375 h:=21116862+220375=21337237, hh:=1352 
466: setchar119 h:=21337237+473316=21810553, hh:=1382 
467: setchar104 h:=21810553+364090=22174643, hh:=1405 
468: setchar101 h:=22174643+291271=22465914, hh:=1423 
469: setchar110 h:=22465914+364090=22830004, hh:=1446 
470: w0 220375 h:=22830004+220375=23050379, hh:=1460 
471: setchar104 h:=23050379+364090=23414469, hh:=1483 
472: setchar101 h:=23414469+291271=23705740, hh:=1501 
473: w0 220375 h:=23705740+220375=23926115, hh:=1515 
474: setchar119 h:=23926115+473316=24399431, hh:=1545 
475: x0 -18205 h:=24399431-18205=24381226, hh:=1544 
[ Mr. Drofnats|or \R. J.," as he preferred to be called|was happiest when he w]
476: setchar97 h:=24381226+327681=24708907, hh:=1565 
477: setchar115 h:=24708907+258503=24967410, hh:=1581 
478: w0 220375 h:=24967410+220375=25187785, hh:=1595 
479: setchar97 h:=25187785+327681=25515466, hh:=1616 
480: setchar116 h:=25515466+254863=25770329, hh:=1632 
481: w0 220375 h:=25770329+220375=25990704, hh:=1646 
482: setchar119 h:=25990704+473316=26464020, hh:=1676 
483: x0 -18205 h:=26464020-18205=26445815, hh:=1675 
484: setchar111 h:=26445815+327681=26773496, hh:=1696 
485: setchar114 h:=26773496+256683=27030179, hh:=1712 
486: setchar107 h:=27030179+345886=27376065, hh:=1734 
487: w0 220375 h:=27376065+220375=27596440, hh:=1748 
488: setchar116 h:=27596440+254863=27851303, hh:=1764 
489: x0 -18205 h:=27851303-18205=27833098, hh:=1763 
490: setchar121 h:=27833098+345886=28178984, hh:=1785 
491: setchar112 h:=28178984+364090=28543074, hh:=1808 
492: right2 18205 h:=28543074+18205=28561279, hh:=1809 
495: setchar101 h:=28561279+291271=28852550, hh:=1827 
496: setchar115 h:=28852550+258503=29111053, hh:=1843 
497: setchar101 h:=29111053+291271=29402324, hh:=1861 
498: setchar116 h:=29402324+254863=29657187, hh:=1877 
499: setchar116 h:=29657187+254863=29912050, hh:=1893 
500: setchar105 h:=29912050+182045=30094095, hh:=1905 
501: setchar110 h:=30094095+364090=30458185, hh:=1928 
502: setchar103 h:=30458185+327681=30785866, hh:=1949 
[as at work typesetting]
503: pop 
level 1:(h=0,v=9526147,w=0,x=0,y=786432,z=0,hh=0,vv=603) 
504: y0 786432 v:=9526147+786432=10312579, vv:=653 
505: push 
level 1:(h=0,v=10312579,w=0,x=0,y=786432,z=0,hh=0,vv=653) 
506: setchar98 h:=0+364090=364090, hh:=23 
507: w2 18205 h:=364090+18205=382295, hh:=24 
510: setchar101 h:=382295+291271=673566, hh:=42 
511: setchar97 h:=673566+327681=1001247, hh:=63 
512: setchar117 h:=1001247+364090=1365337, hh:=86 
513: setchar116 h:=1365337+254863=1620200, hh:=102 
514: setchar105 h:=1620200+182045=1802245, hh:=114 
515: setchar102 h:=1802245+200250=2002495, hh:=127 
516: setchar117 h:=2002495+364090=2366585, hh:=150 
517: setchar108 h:=2366585+182045=2548630, hh:=162 
518: right3 218453 h:=2548630+218453=2767083, hh:=175 
522: setchar100 h:=2767083+364090=3131173, hh:=198 
523: setchar111 h:=3131173+327681=3458854, hh:=219 
524: w0 18205 h:=3458854+18205=3477059, hh:=220 
525: setchar99 h:=3477059+291271=3768330, hh:=238 
526: setchar117 h:=3768330+364090=4132420, hh:=261 
527: setchar109 h:=4132420+546135=4678555, hh:=296 
528: setchar101 h:=4678555+291271=4969826, hh:=314 
529: setchar110 h:=4969826+364090=5333916, hh:=337 
530: right2 -18205 h:=5333916-18205=5315711, hh:=336 
533: setchar116 h:=5315711+254863=5570574, hh:=352 
534: setchar115 h:=5570574+258503=5829077, hh:=368 
535: setchar46 h:=5829077+182045=6011122, hh:=380 
[beautiful documents.]
536: pop 
level 1:(h=0,v=10312579,w=0,x=0,y=786432,z=0,hh=0,vv=653) 
537: down3 4762500 v:=10312579+4762500=15075079, vv:=955 
541: putrule height 26214, width 30785863 (2x1950 pixels) 
550: pop 
level 0:(h=0,v=42152922,w=0,x=0,y=0,z=0,hh=0,vv=2670) 
551: down3 1572864 v:=42152922+1572864=43725786, vv:=2770 
555: push 
level 0:(h=0,v=43725786,w=0,x=0,y=0,z=0,hh=0,vv=2770) 
556: right4 15229091 h:=0+15229091=15229091, hh:=965 
561: setchar49 h:=15229091+327681=15556772, hh:=986 
[ 1]
562: pop 
level 0:(h=0,v=43725786,w=0,x=0,y=0,z=0,hh=0,vv=2770) 
563: eop 
 
