0	./chan
0	./dev/cons
0	./dev/consctl
0	./dev/drivers
0	./dev/hostowner
0	./dev/hoststdin
0	./dev/hoststdout
0	./dev/hoststderr
0	./dev/jit
0	./dev/keyboard
0	./dev/kprint
0	./dev/memory
1	./dev/msec
0	./dev/notquiterandom
0	./dev/null
0	./dev/random
0	./dev/scancode
0	./dev/sysctl
0	./dev/sysname
0	./dev/time
0	./dev/user
1	./dev
0	./fd
0	./prog
0	./prof
0	./net
0	./net.alt
0	./nvfs
0	./env
0	./root
0	./srv
211	./Plan9/386/bin/cat
211	./Plan9/386/bin
1	./Plan9/386/include/emu.h
1	./Plan9/386/include/lib9.h
1	./Plan9/386/include/lib9.h.charles
18	./Plan9/386/include/lib9.h.old
27	./Plan9/386/include/libc.h
2	./Plan9/386/include/u.h
2	./Plan9/386/include/u.h.old
52	./Plan9/386/include
63	./Plan9/386/lib/lib9.a
404	./Plan9/386/lib/lib9kern.a
467	./Plan9/386/lib
730	./Plan9/386
730	./Plan9
237	./cmd/8.out
49	./cmd/ar.8
24	./cmd/ar.c
1	./cmd/cat.c
15	./cmd/du.8
6	./cmd/du.c
1	./cmd/guide
6	./cmd/ls.c
1	./cmd/mkfile
1	./cmd/mkfile.bak
1	./cmd/test.rc
342	./cmd
4	./include/fcall.h
11	./include/interp.h
3	./include/isa.h
2	./include/kernel.h
2	./include/keyboard.h
2	./include/pool.h
1	./include/version.h
25	./include
73	./lib9/Doxyfile
2	./lib9/NOTICE
1	./lib9/argv0.c
2	./lib9/charstod.c
1	./lib9/cistrcmp.c
1	./lib9/cistrncmp.c
1	./lib9/cistrstr.c
2	./lib9/cleanname.c
5	./lib9/convD2M.8
2	./lib9/convD2M.c
4	./lib9/convM2D.8
2	./lib9/convM2D.c
12	./lib9/convM2S.8
5	./lib9/convM2S.c
14	./lib9/convS2M.8
5	./lib9/convS2M.c
1	./lib9/create.c
2	./lib9/dirstat-Nt.c
2	./lib9/dirstat-posix.c
1	./lib9/dirwstat.c
10	./lib9/dofmt.c
2	./lib9/dorfmt.c
1	./lib9/errfmt.c
1	./lib9/errstr-Nt.c
1	./lib9/errstr-Plan9.c
1	./lib9/errstr-posix.c
1	./lib9/exits.c
15	./lib9/fcallfmt.8
7	./lib9/fcallfmt.c
5	./lib9/fltfmt.c
4	./lib9/fmt.c
3	./lib9/fmtdef.h
2	./lib9/fmtfd.c
1	./lib9/fmtlock.c
2	./lib9/fmtprint.c
6	./lib9/fmtquote.c
2	./lib9/fmtrune.c
1	./lib9/fmtstr.c
2	./lib9/fmtvprint.c
1	./lib9/fprint.c
1	./lib9/getcallerpc-DragonFly-386.S
1	./lib9/getcallerpc-FreeBSD-386.S
1	./lib9/getcallerpc-Hp-s800.s
1	./lib9/getcallerpc-Irix-mips.s
1	./lib9/getcallerpc-Linux-386.S
1	./lib9/getcallerpc-Linux-arm.S
1	./lib9/getcallerpc-Linux-power.c
1	./lib9/getcallerpc-Linux-spim.S
1	./lib9/getcallerpc-MacOSX-386.s
1	./lib9/getcallerpc-MacOSX-power.s
1	./lib9/getcallerpc-NetBSD-386.S
1	./lib9/getcallerpc-OpenBSD-386.S
1	./lib9/getcallerpc-Solaris-386.s
1	./lib9/getcallerpc-Solaris-sparc.s
1	./lib9/getcallerpc-Unixware-386.s
1	./lib9/getfields.c
1	./lib9/getuser-Nt.c
1	./lib9/getuser-posix.c
1	./lib9/getwd-Nt.c
1	./lib9/getwd-posix.c
1	./lib9/isnan-posix.c
1	./lib9/lock-Hp-s800.s
1	./lib9/lock-Irix-mips.s
1	./lib9/lock-MacOSX-power.s
1	./lib9/lock-Nt-386.c
1	./lib9/lock-Solaris-386.s
1	./lib9/lock-Solaris-sparc.s
1	./lib9/lock-Unixware-386.s
2	./lib9/lock.c
2	./lib9/mkfile
1	./lib9/mkfile-Nt
1	./lib9/mkfile-Plan9
1	./lib9/mkfile-Posix
1	./lib9/nulldir.c
4	./lib9/qsort.8
1	./lib9/errstr-Plan9.8
2	./lib9/pow10.c
1	./lib9/pread-Nt.c
1	./lib9/print.c
2	./lib9/qsort.c
1	./lib9/readn.c
1	./lib9/rerrstr.c
3	./lib9/rune.8
3	./lib9/rune.c
1	./lib9/runeseprint.c
1	./lib9/runesmprint.c
1	./lib9/runesnprint.c
1	./lib9/runestrlen.8
1	./lib9/runestrlen.c
1	./lib9/runevseprint.c
1	./lib9/sbrk-posix.c
1	./lib9/seek.c
1	./lib9/seprint.c
1	./lib9/setbinmode-Nt.c
1	./lib9/smprint.c
1	./lib9/snprint.c
2	./lib9/sprint.c
1	./lib9/strdup.c
1	./lib9/strecpy.c
3	./lib9/strtoll.8
2	./lib9/strtoll.c
4	./lib9/strtoull.8
2	./lib9/strtoull.c
1	./lib9/sysfatal.c
1	./lib9/tokenize.c
1	./lib9/u16.c
3	./lib9/u32.c
4	./lib9/u64.c
1	./lib9/utfecpy.c
1	./lib9/utflen.c
1	./lib9/utfnlen.c
1	./lib9/utfrrune.c
1	./lib9/utfrune.c
2	./lib9/vfprint.c
2	./lib9/vseprint.c
2	./lib9/vsmprint.c
2	./lib9/vsnprint.c
311	./lib9
31	./lib9kern/Plan9/alloc.8
1	./lib9kern/Plan9/asm-386.8
1	./lib9kern/Plan9/asm-386.s
1	./lib9kern/Plan9/asm-arm.s
1	./lib9kern/Plan9/asm-mips.s
1	./lib9kern/Plan9/asm-power.s
1	./lib9kern/Plan9/asm-sparc.s
2	./lib9kern/Plan9/cache.8
42	./lib9kern/Plan9/chan.8
4	./lib9kern/Plan9/cmd.c
16	./lib9kern/Plan9/dev.8
26	./lib9kern/Plan9/devcons.8
10	./lib9kern/Plan9/devenv.8
14	./lib9kern/Plan9/devfs.8
6	./lib9kern/Plan9/devfs.c
39	./lib9kern/Plan9/devmnt.8
7	./lib9kern/Plan9/devroot.8
7	./lib9kern/Plan9/devsrv9.c
3	./lib9kern/Plan9/devtab.8
1	./lib9kern/Plan9/emu
4	./lib9kern/Plan9/emu.8
1	./lib9kern/Plan9/emu.c
1	./lib9kern/Plan9/emu.root.8
1	./lib9kern/Plan9/emu.root.c
1	./lib9kern/Plan9/emu.root.h
1	./lib9kern/Plan9/emusig
4	./lib9kern/Plan9/env.8
31	./lib9kern/Plan9/error.8
2	./lib9kern/Plan9/errstr.8
3	./lib9kern/Plan9/errstr.h
17	./lib9kern/Plan9/latin1.8
8	./lib9kern/Plan9/main.8
2	./lib9kern/Plan9/mkfile
14	./lib9kern/Plan9/os.8
7	./lib9kern/Plan9/os.c
5	./lib9kern/Plan9/parse.8
9	./lib9kern/Plan9/pgrp.8
8	./lib9kern/Plan9/proc.8
33	./lib9kern/Plan9/qio.8
4	./lib9kern/Plan9/random.8
25	./lib9kern/Plan9/sched.8
11	./lib9kern/Plan9/syscall.8
39	./lib9kern/Plan9/sysfile.8
12	./lib9kern/Plan9/win.c
457	./lib9kern/Plan9
1	./lib9kern/mkfile
18	./lib9kern/port/alloc.c
1	./lib9kern/port/cache.c
27	./lib9kern/port/chan.c
11	./lib9kern/port/dat.h
8	./lib9kern/port/dev.c
11	./lib9kern/port/devcons.c
5	./lib9kern/port/devenv.c
21	./lib9kern/port/devmnt.c
3	./lib9kern/port/devroot.c
1	./lib9kern/port/devtab.c
2	./lib9kern/port/env.c
3	./lib9kern/port/error.c
4	./lib9kern/port/error.h
1	./lib9kern/port/errstr.c
7	./lib9kern/port/fns.h
2	./lib9kern/port/latin1.c
4	./lib9kern/port/latin1.h
0	./lib9kern/port/main
5	./lib9kern/port/main.c
2	./lib9kern/port/mkdevc
2	./lib9kern/port/mkdevlist
1	./lib9kern/port/mkfile.libold
3	./lib9kern/port/mkroot
2	./lib9kern/port/parse.c
4	./lib9kern/port/pgrp.c
5	./lib9kern/port/portmkfile
4	./lib9kern/port/proc.c
23	./lib9kern/port/qio.c
3	./lib9kern/port/random.c
19	./lib9kern/port/sched.c
6	./lib9kern/port/syscall.c
17	./lib9kern/port/sysfile.c
225	./lib9kern/port
683	./lib9kern
1	./mkconfig
4	./mkfile
1	./mkfiles/mkfile-Inferno-sparc
1	./mkfiles/mkfile-Plan9-386
1	./mkfiles/mkfile-Plan9-sparc
1	./mkfiles/mkfile-Solaris-sparc
1	./mkfiles/mkfile-os-sparc
1	./mkfiles/mkhost-Plan9
1	./mkfiles/mklibsubdirs
1	./mkfiles/mkone-rc
1	./mkfiles/mksubdirs
1	./mkfiles/mksyslib-rc
10	./mkfiles
2107	.
