settransfer called
setscreen called
gray 0 0.000000 0
settransfer called
gray 0 0.000000 0
gray 0 0.000000 0
%%[|0|]%%%%[|0|]%%%%[|0|]%%gray 0 0.000000 0
gray 0 0.000000 0
gray 0 0.000000 0
gray 0 0.000000 0
gray 217 0.850000 14
gray 179 0.700000 11
gray 128 0.500000 8
gray 230 0.900000 15
gray 153 0.600000 10
gray 128 0.500000 8
gray 230 0.900000 15
gray 128 0.500000 8
gray 255 1.000000 16
gray 0 0.000000 0
gray 255 1.000000 16
gray 179 0.700000 11
gray 255 1.000000 16
gray 255 1.000000 16
gray 0 0.000000 0
gray 255 1.000000 16
gray 0 0.000000 0
gray 255 1.000000 16
gray 0 0.000000 0
gray 255 1.000000 16
gray 179 0.700000 11
gray 255 1.000000 16
gray 0 0.000000 0
gray 255 1.000000 16
gray 0 0.000000 0
gray 255 1.000000 16
gray 179 0.700000 11
gray 255 1.000000 16
gray 179 0.700000 11
gray 179 0.700000 11
gray 255 1.000000 16
gray 179 0.700000 11
gray 255 1.000000 16
gray 179 0.700000 11
gray 255 1.000000 16
gray 179 0.700000 11
gray 255 1.000000 16
gray 179 0.700000 11
gray 255 1.000000 16
gray 179 0.700000 11
gray 255 1.000000 16
gray 179 0.700000 11
gray 255 1.000000 16
gray 128 0.500000 8
gray 255 1.000000 16
gray 128 0.500000 8
gray 255 1.000000 16
gray 255 1.000000 16
gray 0 0.000000 0
gray 128 0.500000 8
gray 179 0.700000 11
gray 255 1.000000 16
gray 179 0.700000 11
gray 255 1.000000 16
gray 128 0.500000 8
gray 255 1.000000 16
gray 0 0.000000 0
gray 255 1.000000 16
gray 0 0.000000 0
gray 255 1.000000 16
gray 0 0.000000 0
gray 255 1.000000 16
gray 255 1.000000 16
gray 0 0.000000 0
gray 255 1.000000 16
gray 179 0.700000 11
gray 255 1.000000 16
gray 179 0.700000 11
gray 255 1.000000 16
gray 128 0.500000 8
gray 255 1.000000 16
gray 0 0.000000 0
gray 255 1.000000 16
gray 255 1.000000 16
gray 255 1.000000 16
gray 0 0.000000 0
gray 255 1.000000 16
gray 179 0.700000 11
gray 179 0.700000 11
gray 255 1.000000 16
gray 255 1.000000 16
gray 0 0.000000 0
gray 255 1.000000 16
gray 255 1.000000 16
gray 0 0.000000 0
gray 179 0.700000 11
gray 255 1.000000 16
gray 0 0.000000 0
gray 179 0.700000 11
gray 0 0.000000 0
gray 179 0.700000 11
gray 0 0.000000 0
gray 179 0.700000 11
gray 0 0.000000 0
gray 255 1.000000 16
gray 128 0.500000 8
gray 255 1.000000 16
gray 0 0.000000 0
gray 255 1.000000 16
gray 0 0.000000 0
gray 255 1.000000 16
gray 0 0.000000 0
gray 255 1.000000 16
gray 0 0.000000 0
gray 128 0.500000 8
gray 255 1.000000 16
gray 179 0.700000 11
gray 255 1.000000 16
gray 255 1.000000 16
gray 255 1.000000 16
gray 0 0.000000 0
gray 255 1.000000 16
gray 0 0.000000 0
gray 128 0.500000 8
gray 255 1.000000 16
gray 128 0.500000 8
gray 179 0.700000 11
gray 255 1.000000 16
gray 0 0.000000 0
gray 255 1.000000 16
gray 128 0.500000 8
gray 255 1.000000 16
gray 0 0.000000 0
gray 255 1.000000 16
gray 255 1.000000 16
gray 128 0.500000 8
gray 255 1.000000 16
gray 255 1.000000 16
gray 0 0.000000 0
gray 255 1.000000 16
gray 179 0.700000 11
gray 255 1.000000 16
gray 255 1.000000 16
gray 0 0.000000 0
gray 255 1.000000 16
gray 255 1.000000 16
gray 128 0.500000 8
gray 255 1.000000 16
gray 255 1.000000 16
gray 128 0.500000 8
gray 128 0.500000 8
gray 255 1.000000 16
gray 255 1.000000 16
gray 0 0.000000 0
gray 0 0.000000 0
gray 255 1.000000 16
gray 0 0.000000 0
gray 0 0.000000 0
gray 255 1.000000 16
gray 0 0.000000 0
gray 255 1.000000 16
gray 0 0.000000 0
gray 0 0.000000 0
gray 255 1.000000 16
gray 0 0.000000 0
gray 0 0.000000 0
gray 255 1.000000 16
gray 0 0.000000 0
gray 255 1.000000 16
gray 0 0.000000 0
gray 0 0.000000 0
gray 255 1.000000 16
gray 0 0.000000 0
gray 0 0.000000 0
gray 0 0.000000 0
gray 128 0.500000 8
gray 255 1.000000 16
gray 0 0.000000 0
hit font limit 50 increase CACHE_MLIMIT
hit font limit 50 increase CACHE_MLIMIT
hit font limit 50 increase CACHE_MLIMIT
hit font limit 50 increase CACHE_MLIMIT
hit font limit 50 increase CACHE_MLIMIT
gray 128 0.500000 8
gray 0 0.000000 0
gray 0 0.000000 0
gray 153 0.600000 10
gray 0 0.000000 0
gray 0 0.000000 0
gray 128 0.500000 8
gray 255 1.000000 16
gray 255 1.000000 16
gray 0 0.000000 0
gray 128 0.500000 8
gray 255 1.000000 16
gray 0 0.000000 0
gray 0 0.000000 0
gray 255 1.000000 16
gray 128 0.500000 8
gray 255 1.000000 16
gray 0 0.000000 0
gray 255 1.000000 16
gray 0 0.000000 0
gray 255 1.000000 16
gray 0 0.000000 0
gray 255 1.000000 16
gray 0 0.000000 0
gray 255 1.000000 16
gray 128 0.500000 8
gray 255 1.000000 16
gray 0 0.000000 0
gray 255 1.000000 16
gray 128 0.500000 8
gray 179 0.700000 11
gray 0 0.000000 0
gray 255 1.000000 16
gray 0 0.000000 0
gray 0 0.000000 0
gray 77 0.300000 5
gray 77 0.300000 5
gray 77 0.300000 5
gray 0 0.000000 0
gray 77 0.300000 5
gray 242 0.950000 16
gray 0 0.000000 0
gray 242 0.950000 16
gray 0 0.000000 0
gray 0 0.000000 0
gray 242 0.950000 16
gray 0 0.000000 0
gray 0 0.000000 0
gray 242 0.950000 16
gray 0 0.000000 0
gray 242 0.950000 16
gray 0 0.000000 0
gray 0 0.000000 0
gray 242 0.950000 16
gray 0 0.000000 0
gray 0 0.000000 0
gray 242 0.950000 16
gray 0 0.000000 0
gray 0 0.000000 0
gray 242 0.950000 16
gray 0 0.000000 0
gray 242 0.950000 16
gray 0 0.000000 0
gray 0 0.000000 0
gray 242 0.950000 16
gray 0 0.000000 0
gray 242 0.950000 16
gray 0 0.000000 0
gray 0 0.000000 0
gray 242 0.950000 16
gray 0 0.000000 0
gray 242 0.950000 16
gray 0 0.000000 0
gray 0 0.000000 0
gray 242 0.950000 16
gray 0 0.000000 0
gray 242 0.950000 16
gray 0 0.000000 0
gray 0 0.000000 0
gray 242 0.950000 16
gray 0 0.000000 0
gray 242 0.950000 16
gray 0 0.000000 0
gray 0 0.000000 0
gray 242 0.950000 16
gray 0 0.000000 0
gray 242 0.950000 16
gray 0 0.000000 0
gray 0 0.000000 0
gray 255 1.000000 16
gray 0 0.000000 0
gray 0 0.000000 0
gray 0 0.000000 0
gray 255 1.000000 16
gray 0 0.000000 0
gray 255 1.000000 16
gray 255 1.000000 16
gray 0 0.000000 0
gray 77 0.300000 5
gray 255 1.000000 16
gray 0 0.000000 0
gray 77 0.300000 5
gray 0 0.000000 0
gray 255 1.000000 16
gray 0 0.000000 0
gray 255 1.000000 16
gray 0 0.000000 0
gray 255 1.000000 16
gray 0 0.000000 0
gray 0 0.000000 0
gray 0 0.000000 0
gray 0 0.000000 0
gray 0 0.000000 0
gray 0 0.000000 0
gray 77 0.300000 5
gray 0 0.000000 0
gray 0 0.000000 0
gray 0 0.000000 0
gray 0 0.000000 0
gray 0 0.000000 0
gray 0 0.000000 0
gray 255 1.000000 16
gray 0 0.000000 0
gray 255 1.000000 16
gray 0 0.000000 0
gray 255 1.000000 16
gray 0 0.000000 0
gray 255 1.000000 16
gray 0 0.000000 0
gray 255 1.000000 16
gray 0 0.000000 0
gray 255 1.000000 16
gray 0 0.000000 0
gray 255 1.000000 16
gray 0 0.000000 0
gray 255 1.000000 16
gray 0 0.000000 0
gray 255 1.000000 16
gray 0 0.000000 0
gray 255 1.000000 16
gray 0 0.000000 0
gray 255 1.000000 16
gray 0 0.000000 0
gray 255 1.000000 16
gray 0 0.000000 0
gray 255 1.000000 16
gray 0 0.000000 0
gray 255 1.000000 16
gray 0 0.000000 0
gray 255 1.000000 16
gray 0 0.000000 0
gray 255 1.000000 16
gray 0 0.000000 0
gray 255 1.000000 16
gray 0 0.000000 0
gray 255 1.000000 16
gray 0 0.000000 0
gray 255 1.000000 16
gray 0 0.000000 0
gray 255 1.000000 16
gray 0 0.000000 0
gray 255 1.000000 16
gray 0 0.000000 0
gray 255 1.000000 16
gray 0 0.000000 0
gray 255 1.000000 16
gray 0 0.000000 0
gray 255 1.000000 16
gray 0 0.000000 0
gray 255 1.000000 16
gray 0 0.000000 0
gray 255 1.000000 16
gray 0 0.000000 0
gray 255 1.000000 16
gray 0 0.000000 0
gray 255 1.000000 16
gray 0 0.000000 0
gray 0 0.000000 0
gray 0 0.000000 0
gray 255 1.000000 16
gray 0 0.000000 0
gray 255 1.000000 16
gray 0 0.000000 0
gray 0 0.000000 0
gray 0 0.000000 0
gray 0 0.000000 0
gray 0 0.000000 0
gray 0 0.000000 0
gray 0 0.000000 0
gray 0 0.000000 0
gray 0 0.000000 0
gray 0 0.000000 0
gray 0 0.000000 0
gray 0 0.000000 0
gray 0 0.000000 0
gray 0 0.000000 0
gray 0 0.000000 0
gray 0 0.000000 0
gray 0 0.000000 0
gray 0 0.000000 0
gray 0 0.000000 0
gray 0 0.000000 0
gray 0 0.000000 0
gray 0 0.000000 0
gray 0 0.000000 0
gray 0 0.000000 0
gray 0 0.000000 0
gray 0 0.000000 0
gray 0 0.000000 0
gray 0 0.000000 0
gray 0 0.000000 0
gray 0 0.000000 0
gray 0 0.000000 0
gray 0 0.000000 0
gray 0 0.000000 0
gray 0 0.000000 0
gray 0 0.000000 0
gray 0 0.000000 0
gray 0 0.000000 0
gray 0 0.000000 0
gray 0 0.000000 0
gray 0 0.000000 0
gray 0 0.000000 0
gray 0 0.000000 0
gray 0 0.000000 0
gray 0 0.000000 0
gray 0 0.000000 0
gray 0 0.000000 0
gray 0 0.000000 0
gray 0 0.000000 0
gray 0 0.000000 0
gray 0 0.000000 0
gray 0 0.000000 0
gray 0 0.000000 0
gray 0 0.000000 0
gray 0 0.000000 0
gray 0 0.000000 0
gray 0 0.000000 0
gray 0 0.000000 0
gray 0 0.000000 0
gray 0 0.000000 0
gray 0 0.000000 0
gray 0 0.000000 0
gray 0 0.000000 0
gray 0 0.000000 0
gray 0 0.000000 0
gray 0 0.000000 0
gray 0 0.000000 0
gray 0 0.000000 0
gray 0 0.000000 0
gray 0 0.000000 0
gray 0 0.000000 0
gray 0 0.000000 0
gray 0 0.000000 0
gray 0 0.000000 0
gray 0 0.000000 0
gray 0 0.000000 0
gray 0 0.000000 0
gray 0 0.000000 0
gray 0 0.000000 0
gray 255 1.000000 16
%in debug 1 
matrix CTM=  1.347826  0.000000  -0.000000  -1.347826  0.000000  1001.456522 
boston.ps
nocurrentpoint, line 9290 command currentpoint
