settransfer called
{
}
done stack
setscreen stack
{
    --pop--
}
0.0
20.0
setscreen called freq 20.000000 0.000000
dx=15   dy=0 lev 225
cycles 15 cyclen 15
setgray 0.000000
settransfer called
{
    true
    {
        {
        }
        {
            1
            sub
            neg
        }
        ifelse
        dup
        0.0
        lt
        {
            pop
            2
        }
        {
            1
            exch
            div
            log
        }
        ifelse
    }
    --exec--
    true
    {
        {
            2
            sub
            neg
        }
        if
        5
        mul
        dup
        cvi
        dup
        dup
        4
        2
        roll
        sub
    }
    --exec--
    [
        0.0
        0.0
        0.0
        0.0
        0.1
        0.2
        0.2
        0.2
        0.2
        0.1
        0
    ]
    {
        4
        -1
        roll
        get
        mul
    }
    --exec--
    [
        0
        0.0
        0.0
        0.1
        0.1
        0.1
        0.3
        0.5
        0.7
        0.9
        1
    ]
    {
        3
        -1
        roll
        get
        add
    }
    --exec--
}
1024.0
12.8
-1.4
-0.0
0.0
1.4
0.0
0.0
1.0
0.0
0.0
1.0
0.0
0.0
1.0
0.0
0.0
1.0
0
0
0
-nulltype-
-nulltype-
1
1
0
0.0
0
0
1.0
0.0
0.0
0.0
-0.0
-0.0
1024.0
12.8
-1.4
-0.0
0.0
1.4
0.0
0.0
1.0
0.0
0.0
1.0
0
0
0
-nulltype-
-nulltype-
1
1
0
0.0
0
0
1.0
0.0
0
false
false
-0.0
-0.0
-dicttype-
done stack
setscreen stack
{
    --abs--
    --exch--
    --abs--
    2
    --copy--
    --add--
    1
    --gt--
    {
        1.0
        --sub--
        --dup--
        --mul--
        --exch--
        1.0
        --sub--
        --dup--
        --mul--
        --add--
        1.0
        --sub--
    }
    {
        --dup--
        --mul--
        --exch--
        --dup--
        --mul--
        --add--
        1.0
        --exch--
        --sub--
    }
    --ifelse--
}
45
60
1024.0
12.8
-1.4
-0.0
0.0
1.4
0.0
0.0
1.0
0.0
0.0
1.0
0.0
0.0
1.0
0.0
0.0
1.0
0
0
0
-nulltype-
-nulltype-
1
1
0
0.0
0
0
1.0
0.0
0.0
0.0
-0.0
-0.0
1024.0
12.8
-1.4
-0.0
0.0
1.4
0.0
0.0
1.0
0.0
0.0
1.0
0
0
0
-nulltype-
-nulltype-
1
1
0
0.0
0
0
1.0
0.0
0
false
false
-0.0
-0.0
-dicttype-
setscreen called freq 60.000000 45.000000
dx=4   dy=4 lev 32
cycles 4 cyclen 8
setgray 0.000000
setgray 0.000000
%%[|0|]%%%%[|0|]%%%%[|0|]%%setgray 0.000000
setgray 0.000000
setgray 0.000000
setgray 0.000000
setgray 0.850000
setgray 0.700000
setgray 0.500000
setgray 0.900000
setgray 0.600000
setgray 0.500000
setgray 0.900000
setgray 0.500000
setgray 1.000000
setgray 0.000000
setgray 1.000000
setgray 0.700000
setgray 1.000000
setgray 1.000000
setgray 0.000000
setgray 1.000000
setgray 0.000000
setgray 1.000000
setgray 0.000000
setgray 1.000000
setgray 0.700000
setgray 1.000000
setgray 0.000000
setgray 1.000000
setgray 0.000000
setgray 1.000000
setgray 0.700000
setgray 1.000000
setgray 0.700000
setgray 0.700000
setgray 1.000000
setgray 0.700000
setgray 1.000000
setgray 0.700000
setgray 1.000000
setgray 0.700000
setgray 1.000000
setgray 0.700000
setgray 1.000000
setgray 0.700000
setgray 1.000000
setgray 0.700000
setgray 1.000000
setgray 0.500000
setgray 1.000000
setgray 0.500000
setgray 1.000000
setgray 1.000000
setgray 0.000000
setgray 0.500000
setgray 0.700000
setgray 1.000000
setgray 0.700000
setgray 1.000000
setgray 0.500000
setgray 1.000000
setgray 0.000000
setgray 1.000000
setgray 0.000000
setgray 1.000000
setgray 0.000000
setgray 1.000000
setgray 1.000000
setgray 0.000000
setgray 1.000000
setgray 0.700000
setgray 1.000000
setgray 0.700000
setgray 1.000000
setgray 0.500000
setgray 1.000000
setgray 0.000000
setgray 1.000000
setgray 1.000000
setgray 1.000000
setgray 0.000000
setgray 1.000000
setgray 0.700000
setgray 0.700000
setgray 1.000000
setgray 1.000000
setgray 0.000000
setgray 1.000000
setgray 1.000000
setgray 0.000000
setgray 0.700000
setgray 1.000000
setgray 0.000000
setgray 0.700000
setgray 0.000000
setgray 0.700000
setgray 0.000000
setgray 0.700000
setgray 0.000000
setgray 1.000000
setgray 0.500000
setgray 1.000000
setgray 0.000000
setgray 1.000000
setgray 0.000000
setgray 1.000000
setgray 0.000000
setgray 1.000000
setgray 0.000000
setgray 0.500000
setgray 1.000000
setgray 0.700000
setgray 1.000000
setgray 1.000000
setgray 1.000000
setgray 0.000000
setgray 1.000000
setgray 0.000000
setgray 0.500000
setgray 1.000000
setgray 0.500000
setgray 0.700000
setgray 1.000000
setgray 0.000000
setgray 1.000000
setgray 0.500000
setgray 1.000000
setgray 0.000000
setgray 1.000000
setgray 1.000000
setgray 0.500000
setgray 1.000000
setgray 1.000000
setgray 0.000000
setgray 1.000000
setgray 0.700000
setgray 1.000000
setgray 1.000000
setgray 0.000000
setgray 1.000000
setgray 1.000000
setgray 0.500000
setgray 1.000000
setgray 1.000000
setgray 0.500000
setgray 0.500000
setgray 1.000000
setgray 1.000000
setgray 0.000000
setgray 0.000000
setgray 1.000000
setgray 0.000000
setgray 0.000000
setgray 1.000000
setgray 0.000000
setgray 1.000000
setgray 0.000000
setgray 0.000000
setgray 1.000000
setgray 0.000000
setgray 0.000000
setgray 1.000000
setgray 0.000000
setgray 1.000000
setgray 0.000000
setgray 0.000000
setgray 1.000000
setgray 0.000000
setgray 0.000000
setgray 0.000000
setgray 0.500000
setgray 1.000000
setgray 0.000000
hit font limit 50 increase CACHE_MLIMIT
hit font limit 50 increase CACHE_MLIMIT
hit font limit 50 increase CACHE_MLIMIT
hit font limit 50 increase CACHE_MLIMIT
hit font limit 50 increase CACHE_MLIMIT
setgray 0.500000
setgray 0.000000
setgray 0.000000
setgray 0.600000
setgray 0.000000
setgray 0.000000
setgray 0.500000
setgray 1.000000
setgray 1.000000
setgray 0.000000
setgray 0.500000
setgray 1.000000
setgray 0.000000
setgray 0.000000
setgray 1.000000
setgray 0.500000
setgray 1.000000
setgray 0.000000
setgray 1.000000
setgray 0.000000
setgray 1.000000
setgray 0.000000
setgray 1.000000
setgray 0.000000
setgray 1.000000
setgray 0.500000
setgray 1.000000
setgray 0.000000
setgray 1.000000
setgray 0.500000
setgray 0.700000
setgray 0.000000
setgray 1.000000
setgray 0.000000
setgray 0.000000
setgray 0.300000
setgray 0.300000
setgray 0.300000
setgray 0.000000
setgray 0.300000
setgray 0.950000
setgray 0.000000
setgray 0.950000
setgray 0.000000
setgray 0.000000
setgray 0.950000
setgray 0.000000
setgray 0.000000
setgray 0.950000
setgray 0.000000
setgray 0.950000
setgray 0.000000
setgray 0.000000
setgray 0.950000
setgray 0.000000
setgray 0.000000
setgray 0.950000
setgray 0.000000
setgray 0.000000
setgray 0.950000
setgray 0.000000
setgray 0.950000
setgray 0.000000
setgray 0.000000
setgray 0.950000
setgray 0.000000
setgray 0.950000
setgray 0.000000
setgray 0.000000
setgray 0.950000
setgray 0.000000
setgray 0.950000
setgray 0.000000
setgray 0.000000
setgray 0.950000
setgray 0.000000
setgray 0.950000
setgray 0.000000
setgray 0.000000
setgray 0.950000
setgray 0.000000
setgray 0.950000
setgray 0.000000
setgray 0.000000
setgray 0.950000
setgray 0.000000
setgray 0.950000
setgray 0.000000
setgray 0.000000
setgray 1.000000
setgray 0.000000
setgray 0.000000
setgray 0.000000
setgray 1.000000
setgray 0.000000
setgray 1.000000
setgray 1.000000
setgray 0.000000
setgray 0.300000
setgray 1.000000
setgray 0.000000
setgray 0.300000
setgray 0.000000
setgray 1.000000
setgray 0.000000
setgray 1.000000
setgray 0.000000
setgray 1.000000
setgray 0.000000
setgray 0.000000
setgray 0.000000
setgray 0.000000
setgray 0.000000
setgray 0.000000
setgray 0.300000
setgray 0.000000
setgray 0.000000
setgray 0.000000
setgray 0.000000
setgray 0.000000
setgray 0.000000
setgray 1.000000
setgray 0.000000
setgray 1.000000
setgray 0.000000
setgray 1.000000
setgray 0.000000
setgray 1.000000
setgray 0.000000
setgray 1.000000
setgray 0.000000
setgray 1.000000
setgray 0.000000
setgray 1.000000
setgray 0.000000
setgray 1.000000
setgray 0.000000
setgray 1.000000
setgray 0.000000
setgray 1.000000
setgray 0.000000
setgray 1.000000
setgray 0.000000
setgray 1.000000
setgray 0.000000
setgray 1.000000
setgray 0.000000
setgray 1.000000
setgray 0.000000
setgray 1.000000
setgray 0.000000
setgray 1.000000
setgray 0.000000
setgray 1.000000
setgray 0.000000
setgray 1.000000
setgray 0.000000
setgray 1.000000
setgray 0.000000
setgray 1.000000
setgray 0.000000
setgray 1.000000
setgray 0.000000
setgray 1.000000
setgray 0.000000
setgray 1.000000
setgray 0.000000
setgray 1.000000
setgray 0.000000
setgray 1.000000
setgray 0.000000
setgray 1.000000
setgray 0.000000
setgray 1.000000
setgray 0.000000
setgray 1.000000
setgray 0.000000
setgray 0.000000
setgray 0.000000
setgray 1.000000
setgray 0.000000
setgray 1.000000
setgray 0.000000
setgray 0.000000
setgray 0.000000
setgray 0.000000
setgray 0.000000
setgray 0.000000
setgray 0.000000
setgray 0.000000
setgray 0.000000
setgray 0.000000
setgray 0.000000
setgray 0.000000
setgray 0.000000
setgray 0.000000
setgray 0.000000
setgray 0.000000
setgray 0.000000
setgray 0.000000
setgray 0.000000
setgray 0.000000
setgray 0.000000
setgray 0.000000
setgray 0.000000
setgray 0.000000
setgray 0.000000
setgray 0.000000
setgray 0.000000
setgray 0.000000
setgray 0.000000
setgray 0.000000
setgray 0.000000
setgray 0.000000
setgray 0.000000
setgray 0.000000
setgray 0.000000
setgray 0.000000
setgray 0.000000
setgray 0.000000
setgray 0.000000
setgray 0.000000
setgray 0.000000
setgray 0.000000
setgray 0.000000
setgray 0.000000
setgray 0.000000
setgray 0.000000
setgray 0.000000
setgray 0.000000
setgray 0.000000
setgray 0.000000
setgray 0.000000
setgray 0.000000
setgray 0.000000
setgray 0.000000
setgray 0.000000
setgray 0.000000
setgray 0.000000
setgray 0.000000
setgray 0.000000
setgray 0.000000
setgray 0.000000
setgray 0.000000
setgray 0.000000
setgray 0.000000
setgray 0.000000
setgray 0.000000
setgray 0.000000
setgray 0.000000
setgray 0.000000
setgray 0.000000
setgray 0.000000
setgray 0.000000
setgray 0.000000
setgray 0.000000
setgray 0.000000
setgray 0.000000
setgray 0.000000
setgray 0.000000
setgray 1.000000
setgray 1.000000
