/* mode 0x2d (640x480x8) */
	/* general */
	0x63, 0x00, 
	/* sequence */
	0x03, 0x01, 0x0f, 0x00, 0x0e, 
	/* crt */
	0xc3, 0x9f, 0xa0, 0x86, 0xa4, 0x10, 0xbf, 0x1f, 
	0x00, 0x40, 0x00, 0x00, 0x00, 0x00, 0x00, 0x00, 
	0x9c, 0xae, 0x8f, 0x50, 0x00, 0x97, 0xb8, 0xe3, 
	0xff, 
	/* graphics */
	0x00, 0x00, 0x00, 0x00, 0x00, 0x40, 0x05, 0x0f, 
	0xff, 
	/* attribute */
	0x00, 0x01, 0x02, 0x03, 0x04, 0x05, 0x06, 0x07, 
	0x08, 0x09, 0x0a, 0x0b, 0x0c, 0x0d, 0x0e, 0x0f, 
	0x01, 0x00, 0x0f, 0x00, 0x00, 
	/* special */
	"generic",

/* mode 0x2e (640x480x8) */
	/* general */
	0xe3, 0x00, 
	/* sequence */
	0x03, 0x01, 0x0f, 0x00, 0x0e, 
	/* crt */
	0xc3, 0x9f, 0xa0, 0x86, 0xa4, 0x10, 0x0b, 0x3e, 
	0x00, 0x40, 0x00, 0x00, 0x00, 0x00, 0x00, 0x00, 
	0xea, 0xac, 0xdf, 0x50, 0x00, 0xe7, 0x04, 0xe3, 
	0xff, 
	/* graphics */
	0x00, 0x00, 0x00, 0x00, 0x00, 0x40, 0x05, 0x0f, 
	0xff, 
	/* attribute */
	0x00, 0x01, 0x02, 0x03, 0x04, 0x05, 0x06, 0x07, 
	0x08, 0x09, 0x0a, 0x0b, 0x0c, 0x0d, 0x0e, 0x0f, 
	0x01, 0x00, 0x0f, 0x00, 0x00, 
	/* special */
	"generic",

/* mode 0x88 () */
	/* general */
	0x63, 0x00, 
	/* sequence */
	0x03, 0x01, 0x0f, 0x00, 0x06, 
	/* crt */
	0x5f, 0x4f, 0x50, 0x82, 0x55, 0x81, 0xbf, 0x1f, 
	0x00, 0x40, 0x00, 0x00, 0x00, 0x00, 0x00, 0x00, 
	0x9c, 0xae, 0x8f, 0x28, 0x1f, 0x96, 0xb9, 0xe3, 
	0xff, 
	/* graphics */
	0x00, 0x00, 0x00, 0x00, 0x00, 0x00, 0x05, 0x0f, 
	0xff, 
	/* attribute */
	0x00, 0x01, 0x02, 0x03, 0x04, 0x05, 0x14, 0x07, 
	0x38, 0x39, 0x3a, 0x3b, 0x3c, 0x3d, 0x3e, 0x3f, 
	0x01, 0x00, 0x0f, 0x00, 0x00, 
	/* special */
	"generic",

/* mode 0x88 (640x480x1) */
	/* general */
	0x63, 0x00, 
	/* sequence */
	0x03, 0x01, 0x0f, 0x00, 0x06, 
	/* crt */
	0x5f, 0x4f, 0x50, 0x82, 0x55, 0x81, 0xbf, 0x1f, 
	0x00, 0x40, 0x00, 0x00, 0x00, 0x00, 0x00, 0x00, 
	0x9c, 0xae, 0x8f, 0x28, 0x1f, 0x96, 0xb9, 0xe3, 
	0xff, 
	/* graphics */
	0x00, 0x00, 0x00, 0x00, 0x00, 0x00, 0x05, 0x0f, 
	0xff, 
	/* attribute */
	0x00, 0x01, 0x02, 0x03, 0x04, 0x05, 0x14, 0x07, 
	0x38, 0x39, 0x3a, 0x3b, 0x3c, 0x3d, 0x3e, 0x3f, 
	0x01, 0x00, 0x0f, 0x00, 0x00, 
	/* special */
	"generic",

/* mode 0x93 (320x200x8) */
	/* general */
	0x63, 0x00, 
	/* sequence */
	0x03, 0x01, 0x0f, 0x00, 0x0e, 
	/* crt */
	0x5f, 0x4f, 0x50, 0x82, 0x54, 0x80, 0xbf, 0x1f, 
	0x00, 0x41, 0x00, 0x00, 0x00, 0x00, 0x00, 0x00, 
	0x9c, 0xae, 0x8f, 0x28, 0x40, 0x96, 0xb9, 0xa3, 
	0xff, 
	/* graphics */
	0x00, 0x00, 0x00, 0x00, 0x00, 0x40, 0x05, 0x0f, 
	0xff, 
	/* attribute */
	0x00, 0x01, 0x02, 0x03, 0x04, 0x05, 0x06, 0x07, 
	0x08, 0x09, 0x0a, 0x0b, 0x0c, 0x0d, 0x0e, 0x0f, 
	0x41, 0x00, 0x0f, 0x00, 0x00, 
	/* special */
	"generic",

